[debug] [2021-09-09T10:15:27.887Z] ----------------------------------------------------------------------
[debug] [2021-09-09T10:15:27.898Z] Command:       C:\Program Files\nodejs\node.exe C:\Users\ADMIN\AppData\Roaming\npm\node_modules\firebase-tools\lib\bin\firebase.js emulators:start
[debug] [2021-09-09T10:15:27.899Z] CLI Version:   9.16.0
[debug] [2021-09-09T10:15:27.900Z] Platform:      win32
[debug] [2021-09-09T10:15:27.900Z] Node Version:  v14.17.0
[debug] [2021-09-09T10:15:27.904Z] Time:          Thu Sep 09 2021 15:45:27 GMT+0530 (India Standard Time)
[debug] [2021-09-09T10:15:27.904Z] ----------------------------------------------------------------------
[debug] 
[debug] [2021-09-09T10:15:27.928Z] >>> [apiv2][query] GET https://firebase-public.firebaseio.com/cli.json [none]
[debug] [2021-09-09T10:15:28.932Z] > command requires scopes: ["email","openid","https://www.googleapis.com/auth/cloudplatformprojects.readonly","https://www.googleapis.com/auth/firebase","https://www.googleapis.com/auth/cloud-platform"]
[debug] [2021-09-09T10:15:28.935Z] > authorizing via signed-in user (rb9519208@gmail.com)
[info] i  emulators: Starting emulators: functions, hosting {"metadata":{"emulator":{"name":"hub"},"message":"Starting emulators: functions, hosting"}}
[debug] [2021-09-09T10:15:29.092Z] [hub] writing locator at C:\Users\ADMIN\AppData\Local\Temp\hub-clone-ceacd.json
[warn] !  functions: The following emulators are not running, calls to these services from the Functions emulator will affect production: auth, firestore, database, pubsub, storage {"metadata":{"emulator":{"name":"functions"},"message":"The following emulators are not running, calls to these services from the Functions emulator will affect production: \u001b[1mauth, firestore, database, pubsub, storage\u001b[22m"}}
[info] +  functions: Using node@14 from host. {"metadata":{"emulator":{"name":"functions"},"message":"Using node@14 from host."}}
[debug] [2021-09-09T10:15:29.183Z] defaultcredentials: writing to file C:\Users\ADMIN\AppData\Roaming\firebase\rb9519208_gmail_com_application_default_credentials.json
[debug] [2021-09-09T10:15:29.214Z] Setting GAC to C:\Users\ADMIN\AppData\Roaming\firebase\rb9519208_gmail_com_application_default_credentials.json {"metadata":{"emulator":{"name":"functions"},"message":"Setting GAC to C:\\Users\\ADMIN\\AppData\\Roaming\\firebase\\rb9519208_gmail_com_application_default_credentials.json"}}
[debug] [2021-09-09T10:15:29.216Z] > refreshing access token with scopes: []
[debug] [2021-09-09T10:15:29.217Z] >>> HTTP REQUEST POST https://www.googleapis.com/oauth2/v3/token  
 <request body omitted>
[debug] [2021-09-09T10:15:29.649Z] <<< HTTP RESPONSE 200 {"date":"Thu, 09 Sep 2021 10:15:29 GMT","expires":"Mon, 01 Jan 1990 00:00:00 GMT","cache-control":"no-cache, no-store, max-age=0, must-revalidate","pragma":"no-cache","content-type":"application/json; charset=utf-8","vary":"X-Origin, Referer, Origin,Accept-Encoding","server":"scaffolding on HTTPServer2","x-xss-protection":"0","x-frame-options":"SAMEORIGIN","x-content-type-options":"nosniff","alt-svc":"h3=\":443\"; ma=2592000,h3-29=\":443\"; ma=2592000,h3-T051=\":443\"; ma=2592000,h3-Q050=\":443\"; ma=2592000,h3-Q046=\":443\"; ma=2592000,h3-Q043=\":443\"; ma=2592000,quic=\":443\"; ma=2592000; v=\"46,43\"","accept-ranges":"none","transfer-encoding":"chunked"}
[debug] [2021-09-09T10:15:29.779Z] >>> [apiv2][query] GET https://firebase.googleapis.com/v1beta1/projects/clone-ceacd/adminSdkConfig [none]
[debug] [2021-09-09T10:15:30.139Z] <<< [apiv2][status] GET https://firebase-public.firebaseio.com/cli.json 200
[debug] [2021-09-09T10:15:30.140Z] <<< [apiv2][body] GET https://firebase-public.firebaseio.com/cli.json {"cloudBuildErrorAfter":1594252800000,"cloudBuildWarnAfter":1590019200000,"defaultNode10After":1594252800000,"minVersion":"3.0.5","node8DeploysDisabledAfter":1613390400000,"node8RuntimeDisabledAfter":1615809600000,"node8WarnAfter":1600128000000}
[debug] [2021-09-09T10:15:30.651Z] <<< [apiv2][status] GET https://firebase.googleapis.com/v1beta1/projects/clone-ceacd/adminSdkConfig 200
[debug] [2021-09-09T10:15:30.651Z] <<< [apiv2][body] GET https://firebase.googleapis.com/v1beta1/projects/clone-ceacd/adminSdkConfig {"projectId":"clone-ceacd","storageBucket":"clone-ceacd.appspot.com"}
[debug] [2021-09-09T10:15:30.730Z] >>> [apiv2][query] GET https://firebasehosting.googleapis.com/v1beta1/projects/clone-ceacd/sites 
[debug] [2021-09-09T10:15:32.730Z] <<< [apiv2][status] GET https://firebasehosting.googleapis.com/v1beta1/projects/clone-ceacd/sites 200
[debug] [2021-09-09T10:15:32.731Z] <<< [apiv2][body] GET https://firebasehosting.googleapis.com/v1beta1/projects/clone-ceacd/sites {"sites":[{"name":"projects/546352001884/sites/clone-ceacd","defaultUrl":"https://clone-ceacd.web.app","appId":"1:546352001884:web:54a8ecf92da7cb4b9d0799","type":"DEFAULT_SITE"}]}
[debug] [2021-09-09T10:15:32.732Z] >>> [apiv2][query] GET https://firebase.googleapis.com/v1beta1/projects/clone-ceacd/webApps/1:546352001884:web:54a8ecf92da7cb4b9d0799/config [none]
[debug] [2021-09-09T10:15:34.655Z] <<< [apiv2][status] GET https://firebase.googleapis.com/v1beta1/projects/clone-ceacd/webApps/1:546352001884:web:54a8ecf92da7cb4b9d0799/config 200
[debug] [2021-09-09T10:15:34.656Z] <<< [apiv2][body] GET https://firebase.googleapis.com/v1beta1/projects/clone-ceacd/webApps/1:546352001884:web:54a8ecf92da7cb4b9d0799/config {"projectId":"clone-ceacd","appId":"1:546352001884:web:54a8ecf92da7cb4b9d0799","storageBucket":"clone-ceacd.appspot.com","apiKey":"AIzaSyDrvT6W6IuZcG7_ue6HaaqeEPBW6HEwwzc","authDomain":"clone-ceacd.firebaseapp.com","messagingSenderId":"546352001884","measurementId":"G-7W7Z93PNLV"}
[info] i  hosting: Serving hosting files from: build {"metadata":{"emulator":{"name":"hosting"},"message":"Serving hosting files from: \u001b[1mbuild\u001b[22m"}}
[info] +  hosting: Local server: http://localhost:5000 {"metadata":{"emulator":{"name":"hosting"},"message":"Local server: \u001b[4m\u001b[1mhttp://localhost:5000\u001b[22m\u001b[24m"}}
[debug] [2021-09-09T10:15:35.135Z] Ignoring unsupported arg: auto_download {"metadata":{"emulator":{"name":"ui"},"message":"Ignoring unsupported arg: auto_download"}}
[debug] [2021-09-09T10:15:35.136Z] Ignoring unsupported arg: port {"metadata":{"emulator":{"name":"ui"},"message":"Ignoring unsupported arg: port"}}
[debug] [2021-09-09T10:15:35.137Z] Starting Emulator UI with command {"binary":"node","args":["C:\\Users\\ADMIN\\.cache\\firebase\\emulators\\ui-v1.6.0\\server.bundle.js"],"optionalArgs":[],"joinArgs":false} {"metadata":{"emulator":{"name":"ui"},"message":"Starting Emulator UI with command {\"binary\":\"node\",\"args\":[\"C:\\\\Users\\\\ADMIN\\\\.cache\\\\firebase\\\\emulators\\\\ui-v1.6.0\\\\server.bundle.js\"],\"optionalArgs\":[],\"joinArgs\":false}"}}
[info] i  ui: Emulator UI logging to ui-debug.log {"metadata":{"emulator":{"name":"ui"},"message":"Emulator UI logging to \u001b[1mui-debug.log\u001b[22m"}}
[debug] [2021-09-09T10:15:35.448Z] Web / API server started at localhost:4000
 {"metadata":{"emulator":{"name":"ui"},"message":"Web / API server started at localhost:4000\n"}}
[info] i  functions: Watching "C:\Users\ADMIN\Desktop\React\projects\amazon-clone\functions" for Cloud Functions... {"metadata":{"emulator":{"name":"functions"},"message":"Watching \"C:\\Users\\ADMIN\\Desktop\\React\\projects\\amazon-clone\\functions\" for Cloud Functions..."}}
[debug] [2021-09-09T10:15:35.852Z] [worker-pool] addWorker(~diagnostic~) {"metadata":{"emulator":{"name":"functions"},"message":"[worker-pool] addWorker(~diagnostic~)"}}
[debug] [2021-09-09T10:15:35.853Z] [worker-pool] Adding worker with key ~diagnostic~, total=1 {"metadata":{"emulator":{"name":"functions"},"message":"[worker-pool] Adding worker with key ~diagnostic~, total=1"}}
[debug] [2021-09-09T10:15:35.854Z] [worker-pool] submitWork(triggerId=) {"metadata":{"emulator":{"name":"functions"},"message":"[worker-pool] submitWork(triggerId=)"}}
[debug] [2021-09-09T10:15:35.854Z] [worker-~diagnostic~-16f98883-a2a3-48fc-bca0-14bb035f813d]: Assigning socketPath: \\?\pipe\C:\Users\ADMIN\Desktop\React\projects\amazon-clone\functions\32620 {"metadata":{"emulator":{"name":"functions"},"message":"[worker-~diagnostic~-16f98883-a2a3-48fc-bca0-14bb035f813d]: Assigning socketPath: \\\\?\\pipe\\C:\\Users\\ADMIN\\Desktop\\React\\projects\\amazon-clone\\functions\\32620"}}
[debug] [2021-09-09T10:15:35.855Z] [worker-~diagnostic~-16f98883-a2a3-48fc-bca0-14bb035f813d]: BUSY {"metadata":{"emulator":{"name":"functions"},"message":"[worker-~diagnostic~-16f98883-a2a3-48fc-bca0-14bb035f813d]: BUSY"}}
[debug] [2021-09-09T10:15:36.184Z] [runtime-status] [32620] Functions runtime initialized. {"cwd":"C:\\Users\\ADMIN\\Desktop\\React\\projects\\amazon-clone\\functions","node_version":"14.17.0"} {"metadata":{"emulator":{"name":"functions"},"message":"[runtime-status] [32620] Functions runtime initialized. {\"cwd\":\"C:\\\\Users\\\\ADMIN\\\\Desktop\\\\React\\\\projects\\\\amazon-clone\\\\functions\",\"node_version\":\"14.17.0\"}"}}
[debug] [2021-09-09T10:15:36.187Z] [runtime-status] [32620] Disabled runtime features: undefined {"metadata":{"emulator":{"name":"functions"},"message":"[runtime-status] [32620] Disabled runtime features: undefined"}}
[debug] [2021-09-09T10:15:36.210Z] [runtime-status] [32620] Resolved module firebase-admin {"declared":true,"installed":true,"version":"9.11.1","resolution":"C:\\Users\\ADMIN\\Desktop\\React\\projects\\amazon-clone\\functions\\node_modules\\firebase-admin\\lib\\index.js"} {"metadata":{"emulator":{"name":"functions"},"message":"[runtime-status] [32620] Resolved module firebase-admin {\"declared\":true,\"installed\":true,\"version\":\"9.11.1\",\"resolution\":\"C:\\\\Users\\\\ADMIN\\\\Desktop\\\\React\\\\projects\\\\amazon-clone\\\\functions\\\\node_modules\\\\firebase-admin\\\\lib\\\\index.js\"}"}}
[debug] [2021-09-09T10:15:36.214Z] [runtime-status] [32620] Resolved module firebase-functions {"declared":true,"installed":true,"version":"3.15.5","resolution":"C:\\Users\\ADMIN\\Desktop\\React\\projects\\amazon-clone\\functions\\node_modules\\firebase-functions\\lib\\index.js"} {"metadata":{"emulator":{"name":"functions"},"message":"[runtime-status] [32620] Resolved module firebase-functions {\"declared\":true,\"installed\":true,\"version\":\"3.15.5\",\"resolution\":\"C:\\\\Users\\\\ADMIN\\\\Desktop\\\\React\\\\projects\\\\amazon-clone\\\\functions\\\\node_modules\\\\firebase-functions\\\\lib\\\\index.js\"}"}}
[debug] [2021-09-09T10:15:36.217Z] [runtime-status] [32620] Resolved module firebase-functions {"declared":true,"installed":true,"version":"3.15.5","resolution":"C:\\Users\\ADMIN\\Desktop\\React\\projects\\amazon-clone\\functions\\node_modules\\firebase-functions\\lib\\index.js"} {"metadata":{"emulator":{"name":"functions"},"message":"[runtime-status] [32620] Resolved module firebase-functions {\"declared\":true,\"installed\":true,\"version\":\"3.15.5\",\"resolution\":\"C:\\\\Users\\\\ADMIN\\\\Desktop\\\\React\\\\projects\\\\amazon-clone\\\\functions\\\\node_modules\\\\firebase-functions\\\\lib\\\\index.js\"}"}}
[debug] [2021-09-09T10:15:36.220Z] [runtime-status] [32620] Outgoing network have been stubbed. [{"name":"http","status":"mocked"},{"name":"http","status":"mocked"},{"name":"https","status":"mocked"},{"name":"https","status":"mocked"},{"name":"net","status":"mocked"}] {"metadata":{"emulator":{"name":"functions"},"message":"[runtime-status] [32620] Outgoing network have been stubbed. [{\"name\":\"http\",\"status\":\"mocked\"},{\"name\":\"http\",\"status\":\"mocked\"},{\"name\":\"https\",\"status\":\"mocked\"},{\"name\":\"https\",\"status\":\"mocked\"},{\"name\":\"net\",\"status\":\"mocked\"}]"}}
[debug] [2021-09-09T10:15:36.221Z] [runtime-status] [32620] Resolved module firebase-functions {"declared":true,"installed":true,"version":"3.15.5","resolution":"C:\\Users\\ADMIN\\Desktop\\React\\projects\\amazon-clone\\functions\\node_modules\\firebase-functions\\lib\\index.js"} {"metadata":{"emulator":{"name":"functions"},"message":"[runtime-status] [32620] Resolved module firebase-functions {\"declared\":true,\"installed\":true,\"version\":\"3.15.5\",\"resolution\":\"C:\\\\Users\\\\ADMIN\\\\Desktop\\\\React\\\\projects\\\\amazon-clone\\\\functions\\\\node_modules\\\\firebase-functions\\\\lib\\\\index.js\"}"}}
[debug] [2021-09-09T10:15:37.772Z] [runtime-status] [32620] Checked functions.config() {"config":{}} {"metadata":{"emulator":{"name":"functions"},"message":"[runtime-status] [32620] Checked functions.config() {\"config\":{}}"}}
[debug] [2021-09-09T10:15:37.773Z] [runtime-status] [32620] firebase-functions has been stubbed. {"functionsResolution":{"declared":true,"installed":true,"version":"3.15.5","resolution":"C:\\Users\\ADMIN\\Desktop\\React\\projects\\amazon-clone\\functions\\node_modules\\firebase-functions\\lib\\index.js"}} {"metadata":{"emulator":{"name":"functions"},"message":"[runtime-status] [32620] firebase-functions has been stubbed. {\"functionsResolution\":{\"declared\":true,\"installed\":true,\"version\":\"3.15.5\",\"resolution\":\"C:\\\\Users\\\\ADMIN\\\\Desktop\\\\React\\\\projects\\\\amazon-clone\\\\functions\\\\node_modules\\\\firebase-functions\\\\lib\\\\index.js\"}}"}}
[debug] [2021-09-09T10:15:37.773Z] [runtime-status] [32620] Resolved module firebase-functions {"declared":true,"installed":true,"version":"3.15.5","resolution":"C:\\Users\\ADMIN\\Desktop\\React\\projects\\amazon-clone\\functions\\node_modules\\firebase-functions\\lib\\index.js"} {"metadata":{"emulator":{"name":"functions"},"message":"[runtime-status] [32620] Resolved module firebase-functions {\"declared\":true,\"installed\":true,\"version\":\"3.15.5\",\"resolution\":\"C:\\\\Users\\\\ADMIN\\\\Desktop\\\\React\\\\projects\\\\amazon-clone\\\\functions\\\\node_modules\\\\firebase-functions\\\\lib\\\\index.js\"}"}}
[debug] [2021-09-09T10:15:37.774Z] [runtime-status] [32620] Resolved module firebase-admin {"declared":true,"installed":true,"version":"9.11.1","resolution":"C:\\Users\\ADMIN\\Desktop\\React\\projects\\amazon-clone\\functions\\node_modules\\firebase-admin\\lib\\index.js"} {"metadata":{"emulator":{"name":"functions"},"message":"[runtime-status] [32620] Resolved module firebase-admin {\"declared\":true,\"installed\":true,\"version\":\"9.11.1\",\"resolution\":\"C:\\\\Users\\\\ADMIN\\\\Desktop\\\\React\\\\projects\\\\amazon-clone\\\\functions\\\\node_modules\\\\firebase-admin\\\\lib\\\\index.js\"}"}}
[debug] [2021-09-09T10:15:37.774Z] [runtime-status] [32620] Resolved module firebase-functions {"declared":true,"installed":true,"version":"3.15.5","resolution":"C:\\Users\\ADMIN\\Desktop\\React\\projects\\amazon-clone\\functions\\node_modules\\firebase-functions\\lib\\index.js"} {"metadata":{"emulator":{"name":"functions"},"message":"[runtime-status] [32620] Resolved module firebase-functions {\"declared\":true,\"installed\":true,\"version\":\"3.15.5\",\"resolution\":\"C:\\\\Users\\\\ADMIN\\\\Desktop\\\\React\\\\projects\\\\amazon-clone\\\\functions\\\\node_modules\\\\firebase-functions\\\\lib\\\\index.js\"}"}}
[debug] [2021-09-09T10:15:37.774Z] [runtime-status] [32620] firebase-admin has been stubbed. {"adminResolution":{"declared":true,"installed":true,"version":"9.11.1","resolution":"C:\\Users\\ADMIN\\Desktop\\React\\projects\\amazon-clone\\functions\\node_modules\\firebase-admin\\lib\\index.js"}} {"metadata":{"emulator":{"name":"functions"},"message":"[runtime-status] [32620] firebase-admin has been stubbed. {\"adminResolution\":{\"declared\":true,\"installed\":true,\"version\":\"9.11.1\",\"resolution\":\"C:\\\\Users\\\\ADMIN\\\\Desktop\\\\React\\\\projects\\\\amazon-clone\\\\functions\\\\node_modules\\\\firebase-admin\\\\lib\\\\index.js\"}}"}}
[info] +  functions[us-central1-api]: http function initialized (http://localhost:5001/clone-ceacd/us-central1/api). {"metadata":{"emulator":{"name":"functions"},"message":"\u001b[1mhttp\u001b[22m function initialized (http://localhost:5001/clone-ceacd/us-central1/api)."}}
[info] 
┌─────────────────────────────────────────────────────────────┐
│ ✔  All emulators ready! It is now safe to connect your app. │
│ i  View Emulator UI at http://localhost:4000                │
└─────────────────────────────────────────────────────────────┘

┌───────────┬────────────────┬─────────────────────────────────┐
│ Emulator  │ Host:Port      │ View in Emulator UI             │
├───────────┼────────────────┼─────────────────────────────────┤
│ Functions │ localhost:5001 │ http://localhost:4000/functions │
├───────────┼────────────────┼─────────────────────────────────┤
│ Hosting   │ localhost:5000 │ n/a                             │
└───────────┴────────────────┴─────────────────────────────────┘
  Emulator Hub running at localhost:4400
  Other reserved ports: 4500

Issues? Report them at https://github.com/firebase/firebase-tools/issues and attach the *-debug.log files.
 
[debug] [2021-09-09T10:15:41.806Z] [worker-~diagnostic~-16f98883-a2a3-48fc-bca0-14bb035f813d]: IDLE {"metadata":{"emulator":{"name":"functions"},"message":"[worker-~diagnostic~-16f98883-a2a3-48fc-bca0-14bb035f813d]: IDLE"}}
[debug] [2021-09-09T10:16:54.869Z] [work-queue] {"queueLength":1,"workRunningCount":0}
[debug] [2021-09-09T10:16:54.871Z] [work-queue] {"queueLength":0,"workRunningCount":1}
[debug] [2021-09-09T10:16:54.873Z] Accepted request GET /clone-ceacd/us-central1/api --> us-central1-api
[debug] [2021-09-09T10:16:54.891Z] [worker-pool] addWorker(us-central1-api) {"metadata":{"emulator":{"name":"functions"},"message":"[worker-pool] addWorker(us-central1-api)"}}
[debug] [2021-09-09T10:16:54.892Z] [worker-pool] Adding worker with key us-central1-api, total=1 {"metadata":{"emulator":{"name":"functions"},"message":"[worker-pool] Adding worker with key us-central1-api, total=1"}}
[debug] [2021-09-09T10:16:54.892Z] [worker-pool] submitWork(triggerId=us-central1-api) {"metadata":{"emulator":{"name":"functions"},"message":"[worker-pool] submitWork(triggerId=us-central1-api)"}}
[debug] [2021-09-09T10:16:54.893Z] [worker-us-central1-api-34cf8f46-c006-460c-833e-092d52e6a813]: Assigning socketPath: \\?\pipe\C:\Users\ADMIN\Desktop\React\projects\amazon-clone\functions\25104 {"metadata":{"emulator":{"name":"functions"},"message":"[worker-us-central1-api-34cf8f46-c006-460c-833e-092d52e6a813]: Assigning socketPath: \\\\?\\pipe\\C:\\Users\\ADMIN\\Desktop\\React\\projects\\amazon-clone\\functions\\25104"}}
[debug] [2021-09-09T10:16:54.893Z] [worker-us-central1-api-34cf8f46-c006-460c-833e-092d52e6a813]: BUSY {"metadata":{"emulator":{"name":"functions"},"message":"[worker-us-central1-api-34cf8f46-c006-460c-833e-092d52e6a813]: BUSY"}}
[debug] [2021-09-09T10:16:55.522Z] [runtime-status] [25104] Functions runtime initialized. {"cwd":"C:\\Users\\ADMIN\\Desktop\\React\\projects\\amazon-clone\\functions","node_version":"14.17.0"} {"metadata":{"emulator":{"name":"functions"},"function":{"name":"us-central1-api"},"message":"[runtime-status] [25104] Functions runtime initialized. {\"cwd\":\"C:\\\\Users\\\\ADMIN\\\\Desktop\\\\React\\\\projects\\\\amazon-clone\\\\functions\",\"node_version\":\"14.17.0\"}"}}
[debug] [2021-09-09T10:16:55.527Z] [runtime-status] [25104] Disabled runtime features: undefined {"metadata":{"emulator":{"name":"functions"},"function":{"name":"us-central1-api"},"message":"[runtime-status] [25104] Disabled runtime features: undefined"}}
[debug] [2021-09-09T10:16:55.533Z] [runtime-status] [25104] Resolved module firebase-admin {"declared":true,"installed":true,"version":"9.11.1","resolution":"C:\\Users\\ADMIN\\Desktop\\React\\projects\\amazon-clone\\functions\\node_modules\\firebase-admin\\lib\\index.js"} {"metadata":{"emulator":{"name":"functions"},"function":{"name":"us-central1-api"},"message":"[runtime-status] [25104] Resolved module firebase-admin {\"declared\":true,\"installed\":true,\"version\":\"9.11.1\",\"resolution\":\"C:\\\\Users\\\\ADMIN\\\\Desktop\\\\React\\\\projects\\\\amazon-clone\\\\functions\\\\node_modules\\\\firebase-admin\\\\lib\\\\index.js\"}"}}
[debug] [2021-09-09T10:16:55.541Z] [runtime-status] [25104] Resolved module firebase-functions {"declared":true,"installed":true,"version":"3.15.5","resolution":"C:\\Users\\ADMIN\\Desktop\\React\\projects\\amazon-clone\\functions\\node_modules\\firebase-functions\\lib\\index.js"} {"metadata":{"emulator":{"name":"functions"},"function":{"name":"us-central1-api"},"message":"[runtime-status] [25104] Resolved module firebase-functions {\"declared\":true,\"installed\":true,\"version\":\"3.15.5\",\"resolution\":\"C:\\\\Users\\\\ADMIN\\\\Desktop\\\\React\\\\projects\\\\amazon-clone\\\\functions\\\\node_modules\\\\firebase-functions\\\\lib\\\\index.js\"}"}}
[debug] [2021-09-09T10:16:55.545Z] [runtime-status] [25104] Resolved module firebase-functions {"declared":true,"installed":true,"version":"3.15.5","resolution":"C:\\Users\\ADMIN\\Desktop\\React\\projects\\amazon-clone\\functions\\node_modules\\firebase-functions\\lib\\index.js"} {"metadata":{"emulator":{"name":"functions"},"function":{"name":"us-central1-api"},"message":"[runtime-status] [25104] Resolved module firebase-functions {\"declared\":true,\"installed\":true,\"version\":\"3.15.5\",\"resolution\":\"C:\\\\Users\\\\ADMIN\\\\Desktop\\\\React\\\\projects\\\\amazon-clone\\\\functions\\\\node_modules\\\\firebase-functions\\\\lib\\\\index.js\"}"}}
[debug] [2021-09-09T10:16:55.548Z] [runtime-status] [25104] Outgoing network have been stubbed. [{"name":"http","status":"mocked"},{"name":"http","status":"mocked"},{"name":"https","status":"mocked"},{"name":"https","status":"mocked"},{"name":"net","status":"mocked"}] {"metadata":{"emulator":{"name":"functions"},"function":{"name":"us-central1-api"},"message":"[runtime-status] [25104] Outgoing network have been stubbed. [{\"name\":\"http\",\"status\":\"mocked\"},{\"name\":\"http\",\"status\":\"mocked\"},{\"name\":\"https\",\"status\":\"mocked\"},{\"name\":\"https\",\"status\":\"mocked\"},{\"name\":\"net\",\"status\":\"mocked\"}]"}}
[debug] [2021-09-09T10:16:55.550Z] [runtime-status] [25104] Resolved module firebase-functions {"declared":true,"installed":true,"version":"3.15.5","resolution":"C:\\Users\\ADMIN\\Desktop\\React\\projects\\amazon-clone\\functions\\node_modules\\firebase-functions\\lib\\index.js"} {"metadata":{"emulator":{"name":"functions"},"function":{"name":"us-central1-api"},"message":"[runtime-status] [25104] Resolved module firebase-functions {\"declared\":true,\"installed\":true,\"version\":\"3.15.5\",\"resolution\":\"C:\\\\Users\\\\ADMIN\\\\Desktop\\\\React\\\\projects\\\\amazon-clone\\\\functions\\\\node_modules\\\\firebase-functions\\\\lib\\\\index.js\"}"}}
[debug] [2021-09-09T10:16:55.628Z] [runtime-status] [25104] Checked functions.config() {"config":{}} {"metadata":{"emulator":{"name":"functions"},"function":{"name":"us-central1-api"},"message":"[runtime-status] [25104] Checked functions.config() {\"config\":{}}"}}
[debug] [2021-09-09T10:16:55.628Z] [runtime-status] [25104] firebase-functions has been stubbed. {"functionsResolution":{"declared":true,"installed":true,"version":"3.15.5","resolution":"C:\\Users\\ADMIN\\Desktop\\React\\projects\\amazon-clone\\functions\\node_modules\\firebase-functions\\lib\\index.js"}} {"metadata":{"emulator":{"name":"functions"},"function":{"name":"us-central1-api"},"message":"[runtime-status] [25104] firebase-functions has been stubbed. {\"functionsResolution\":{\"declared\":true,\"installed\":true,\"version\":\"3.15.5\",\"resolution\":\"C:\\\\Users\\\\ADMIN\\\\Desktop\\\\React\\\\projects\\\\amazon-clone\\\\functions\\\\node_modules\\\\firebase-functions\\\\lib\\\\index.js\"}}"}}
[debug] [2021-09-09T10:16:55.629Z] [runtime-status] [25104] Resolved module firebase-functions {"declared":true,"installed":true,"version":"3.15.5","resolution":"C:\\Users\\ADMIN\\Desktop\\React\\projects\\amazon-clone\\functions\\node_modules\\firebase-functions\\lib\\index.js"} {"metadata":{"emulator":{"name":"functions"},"function":{"name":"us-central1-api"},"message":"[runtime-status] [25104] Resolved module firebase-functions {\"declared\":true,\"installed\":true,\"version\":\"3.15.5\",\"resolution\":\"C:\\\\Users\\\\ADMIN\\\\Desktop\\\\React\\\\projects\\\\amazon-clone\\\\functions\\\\node_modules\\\\firebase-functions\\\\lib\\\\index.js\"}"}}
[debug] [2021-09-09T10:16:55.631Z] [runtime-status] [25104] Resolved module firebase-admin {"declared":true,"installed":true,"version":"9.11.1","resolution":"C:\\Users\\ADMIN\\Desktop\\React\\projects\\amazon-clone\\functions\\node_modules\\firebase-admin\\lib\\index.js"} {"metadata":{"emulator":{"name":"functions"},"function":{"name":"us-central1-api"},"message":"[runtime-status] [25104] Resolved module firebase-admin {\"declared\":true,\"installed\":true,\"version\":\"9.11.1\",\"resolution\":\"C:\\\\Users\\\\ADMIN\\\\Desktop\\\\React\\\\projects\\\\amazon-clone\\\\functions\\\\node_modules\\\\firebase-admin\\\\lib\\\\index.js\"}"}}
[debug] [2021-09-09T10:16:55.633Z] [runtime-status] [25104] Resolved module firebase-functions {"declared":true,"installed":true,"version":"3.15.5","resolution":"C:\\Users\\ADMIN\\Desktop\\React\\projects\\amazon-clone\\functions\\node_modules\\firebase-functions\\lib\\index.js"} {"metadata":{"emulator":{"name":"functions"},"function":{"name":"us-central1-api"},"message":"[runtime-status] [25104] Resolved module firebase-functions {\"declared\":true,\"installed\":true,\"version\":\"3.15.5\",\"resolution\":\"C:\\\\Users\\\\ADMIN\\\\Desktop\\\\React\\\\projects\\\\amazon-clone\\\\functions\\\\node_modules\\\\firebase-functions\\\\lib\\\\index.js\"}"}}
[debug] [2021-09-09T10:16:55.634Z] [runtime-status] [25104] firebase-admin has been stubbed. {"adminResolution":{"declared":true,"installed":true,"version":"9.11.1","resolution":"C:\\Users\\ADMIN\\Desktop\\React\\projects\\amazon-clone\\functions\\node_modules\\firebase-admin\\lib\\index.js"}} {"metadata":{"emulator":{"name":"functions"},"function":{"name":"us-central1-api"},"message":"[runtime-status] [25104] firebase-admin has been stubbed. {\"adminResolution\":{\"declared\":true,\"installed\":true,\"version\":\"9.11.1\",\"resolution\":\"C:\\\\Users\\\\ADMIN\\\\Desktop\\\\React\\\\projects\\\\amazon-clone\\\\functions\\\\node_modules\\\\firebase-admin\\\\lib\\\\index.js\"}}"}}
[debug] [2021-09-09T10:16:55.907Z] [runtime-status] [25104] Trigger "us-central1-api" has been found, beginning invocation! {"metadata":{"emulator":{"name":"functions"},"function":{"name":"us-central1-api"},"message":"[runtime-status] [25104] Trigger \"us-central1-api\" has been found, beginning invocation!"}}
[info] i  functions: Beginning execution of "us-central1-api" {"metadata":{"emulator":{"name":"functions"},"function":{"name":"us-central1-api"},"message":"Beginning execution of \"us-central1-api\""}}
[debug] [2021-09-09T10:16:55.909Z] [runtime-status] [25104] triggerDefinition {"httpsTrigger":{},"name":"api","entryPoint":"api","regions":["us-central1"],"region":"us-central1","id":"us-central1-api"} {"metadata":{"emulator":{"name":"functions"},"function":{"name":"us-central1-api"},"message":"[runtime-status] [25104] triggerDefinition {\"httpsTrigger\":{},\"name\":\"api\",\"entryPoint\":\"api\",\"regions\":[\"us-central1\"],\"region\":\"us-central1\",\"id\":\"us-central1-api\"}"}}
[debug] [2021-09-09T10:16:55.909Z] [runtime-status] [25104] Running us-central1-api in mode HTTPS {"metadata":{"emulator":{"name":"functions"},"function":{"name":"us-central1-api"},"message":"[runtime-status] [25104] Running us-central1-api in mode HTTPS"}}
[debug] [2021-09-09T10:16:55.916Z] [runtime-status] [25104] Attempting to listen to socketPath: \\?\pipe\C:\Users\ADMIN\Desktop\React\projects\amazon-clone\functions\25104 {"metadata":{"emulator":{"name":"functions"},"function":{"name":"us-central1-api"},"message":"[runtime-status] [25104] Attempting to listen to socketPath: \\\\?\\pipe\\C:\\Users\\ADMIN\\Desktop\\React\\projects\\amazon-clone\\functions\\25104"}}
[debug] [2021-09-09T10:16:55.920Z] [functions] Runtime ready! Sending request! {"metadata":{"emulator":{"name":"functions"},"message":"[functions] Runtime ready! Sending request!"}}
[debug] [2021-09-09T10:16:55.921Z] [functions] Got req.url=/clone-ceacd/us-central1/api, mapping to path=/ {"metadata":{"emulator":{"name":"functions"},"message":"[functions] Got req.url=/clone-ceacd/us-central1/api, mapping to path=/"}}
[debug] [2021-09-09T10:16:55.939Z] [runtime-status] [25104] Ephemeral server handling GET request {"metadata":{"emulator":{"name":"functions"},"function":{"name":"us-central1-api"},"message":"[runtime-status] [25104] Ephemeral server handling GET request"}}
[debug] [2021-09-09T10:16:55.948Z] [runtime-status] [25104] Ephemeral server survived. {"metadata":{"emulator":{"name":"functions"},"function":{"name":"us-central1-api"},"message":"[runtime-status] [25104] Ephemeral server survived."}}
[info] i  functions: Finished "us-central1-api" in ~1s {"metadata":{"emulator":{"name":"functions"},"function":{"name":"us-central1-api"},"message":"Finished \"us-central1-api\" in ~1s"}}
[debug] [2021-09-09T10:16:55.961Z] [worker-us-central1-api-34cf8f46-c006-460c-833e-092d52e6a813]: IDLE {"metadata":{"emulator":{"name":"functions"},"message":"[worker-us-central1-api-34cf8f46-c006-460c-833e-092d52e6a813]: IDLE"}}
[debug] [2021-09-09T10:16:55.962Z] [work-queue] {"queueLength":0,"workRunningCount":0}
[debug] [2021-09-09T10:16:56.203Z] Functions emulator received unknown request at path /favicon.ico
[debug] [2021-09-09T10:19:03.955Z] [work-queue] {"queueLength":1,"workRunningCount":0}
[debug] [2021-09-09T10:19:03.955Z] [work-queue] {"queueLength":0,"workRunningCount":1}
[debug] [2021-09-09T10:19:03.956Z] Accepted request POST /clone-ceacd/us-central1/api/payments/create?total=7702999.000000001 --> us-central1-api
[debug] [2021-09-09T10:19:03.956Z] [worker-pool] submitWork(triggerId=us-central1-api) {"metadata":{"emulator":{"name":"functions"},"message":"[worker-pool] submitWork(triggerId=us-central1-api)"}}
[debug] [2021-09-09T10:19:03.956Z] [worker-us-central1-api-34cf8f46-c006-460c-833e-092d52e6a813]: Assigning socketPath: \\?\pipe\C:\Users\ADMIN\Desktop\React\projects\amazon-clone\functions\25104 {"metadata":{"emulator":{"name":"functions"},"message":"[worker-us-central1-api-34cf8f46-c006-460c-833e-092d52e6a813]: Assigning socketPath: \\\\?\\pipe\\C:\\Users\\ADMIN\\Desktop\\React\\projects\\amazon-clone\\functions\\25104"}}
[debug] [2021-09-09T10:19:03.957Z] [worker-us-central1-api-34cf8f46-c006-460c-833e-092d52e6a813]: BUSY {"metadata":{"emulator":{"name":"functions"},"message":"[worker-us-central1-api-34cf8f46-c006-460c-833e-092d52e6a813]: BUSY"}}
[debug] [2021-09-09T10:19:03.958Z] [runtime-status] [25104] Trigger "us-central1-api" has been found, beginning invocation! {"metadata":{"emulator":{"name":"functions"},"function":{"name":"us-central1-api"},"message":"[runtime-status] [25104] Trigger \"us-central1-api\" has been found, beginning invocation!"}}
[info] i  functions: Beginning execution of "us-central1-api" {"metadata":{"emulator":{"name":"functions"},"function":{"name":"us-central1-api"},"message":"Beginning execution of \"us-central1-api\""}}
[debug] [2021-09-09T10:20:01.190Z] [runtime-status] [25104] triggerDefinition {"httpsTrigger":{},"name":"api","entryPoint":"api","regions":["us-central1"],"region":"us-central1","id":"us-central1-api"} {"metadata":{"emulator":{"name":"functions"},"function":{"name":"us-central1-api"},"message":"[runtime-status] [25104] triggerDefinition {\"httpsTrigger\":{},\"name\":\"api\",\"entryPoint\":\"api\",\"regions\":[\"us-central1\"],\"region\":\"us-central1\",\"id\":\"us-central1-api\"}"}}
[debug] [2021-09-09T10:20:01.192Z] [runtime-status] [25104] Running us-central1-api in mode HTTPS {"metadata":{"emulator":{"name":"functions"},"function":{"name":"us-central1-api"},"message":"[runtime-status] [25104] Running us-central1-api in mode HTTPS"}}
[debug] [2021-09-09T10:20:01.198Z] [runtime-status] [25104] Attempting to listen to socketPath: \\?\pipe\C:\Users\ADMIN\Desktop\React\projects\amazon-clone\functions\25104 {"metadata":{"emulator":{"name":"functions"},"function":{"name":"us-central1-api"},"message":"[runtime-status] [25104] Attempting to listen to socketPath: \\\\?\\pipe\\C:\\Users\\ADMIN\\Desktop\\React\\projects\\amazon-clone\\functions\\25104"}}
[debug] [2021-09-09T10:20:01.207Z] [functions] Runtime ready! Sending request! {"metadata":{"emulator":{"name":"functions"},"message":"[functions] Runtime ready! Sending request!"}}
[debug] [2021-09-09T10:20:01.211Z] [functions] Got req.url=/clone-ceacd/us-central1/api/payments/create?total=7702999.000000001, mapping to path=/payments/create?total=7702999.000000001 {"metadata":{"emulator":{"name":"functions"},"message":"[functions] Got req.url=/clone-ceacd/us-central1/api/payments/create?total=7702999.000000001, mapping to path=/payments/create?total=7702999.000000001"}}
[debug] [2021-09-09T10:20:01.226Z] [runtime-status] [25104] Ephemeral server handling POST request {"metadata":{"emulator":{"name":"functions"},"function":{"name":"us-central1-api"},"message":"[runtime-status] [25104] Ephemeral server handling POST request"}}
[debug] [2021-09-09T10:20:01.232Z] [runtime-status] [25104] Ephemeral server survived. {"metadata":{"emulator":{"name":"functions"},"function":{"name":"us-central1-api"},"message":"[runtime-status] [25104] Ephemeral server survived."}}
[info] i  functions: Finished "us-central1-api" in ~56s {"metadata":{"emulator":{"name":"functions"},"function":{"name":"us-central1-api"},"message":"Finished \"us-central1-api\" in ~56s"}}
[debug] [2021-09-09T10:20:01.235Z] [worker-us-central1-api-34cf8f46-c006-460c-833e-092d52e6a813]: IDLE {"metadata":{"emulator":{"name":"functions"},"message":"[worker-us-central1-api-34cf8f46-c006-460c-833e-092d52e6a813]: IDLE"}}
[debug] [2021-09-09T10:20:01.236Z] [work-queue] {"queueLength":0,"workRunningCount":0}
[debug] [2021-09-09T10:21:44.733Z] [work-queue] {"queueLength":1,"workRunningCount":0}
[debug] [2021-09-09T10:21:44.733Z] [work-queue] {"queueLength":0,"workRunningCount":1}
[debug] [2021-09-09T10:21:44.733Z] Accepted request POST /clone-ceacd/us-central1/api/payments/create?total=7702999.000000001 --> us-central1-api
[debug] [2021-09-09T10:21:44.734Z] [worker-pool] submitWork(triggerId=us-central1-api) {"metadata":{"emulator":{"name":"functions"},"message":"[worker-pool] submitWork(triggerId=us-central1-api)"}}
[debug] [2021-09-09T10:21:44.734Z] [worker-us-central1-api-34cf8f46-c006-460c-833e-092d52e6a813]: Assigning socketPath: \\?\pipe\C:\Users\ADMIN\Desktop\React\projects\amazon-clone\functions\25104 {"metadata":{"emulator":{"name":"functions"},"message":"[worker-us-central1-api-34cf8f46-c006-460c-833e-092d52e6a813]: Assigning socketPath: \\\\?\\pipe\\C:\\Users\\ADMIN\\Desktop\\React\\projects\\amazon-clone\\functions\\25104"}}
[debug] [2021-09-09T10:21:44.734Z] [worker-us-central1-api-34cf8f46-c006-460c-833e-092d52e6a813]: BUSY {"metadata":{"emulator":{"name":"functions"},"message":"[worker-us-central1-api-34cf8f46-c006-460c-833e-092d52e6a813]: BUSY"}}
[debug] [2021-09-09T10:21:44.735Z] [runtime-status] [25104] Trigger "us-central1-api" has been found, beginning invocation! {"metadata":{"emulator":{"name":"functions"},"function":{"name":"us-central1-api"},"message":"[runtime-status] [25104] Trigger \"us-central1-api\" has been found, beginning invocation!"}}
[debug] [2021-09-09T10:31:00.168Z] ----------------------------------------------------------------------
[debug] [2021-09-09T10:31:00.173Z] Command:       C:\Program Files\nodejs\node.exe C:\Users\ADMIN\AppData\Roaming\npm\node_modules\firebase-tools\lib\bin\firebase.js emulators:start
[debug] [2021-09-09T10:31:00.174Z] CLI Version:   9.16.0
[debug] [2021-09-09T10:31:00.174Z] Platform:      win32
[debug] [2021-09-09T10:31:00.174Z] Node Version:  v14.17.0
[debug] [2021-09-09T10:31:00.176Z] Time:          Thu Sep 09 2021 16:01:00 GMT+0530 (India Standard Time)
[debug] [2021-09-09T10:31:00.176Z] ----------------------------------------------------------------------
[debug] 
[debug] [2021-09-09T10:31:00.263Z] > command requires scopes: ["email","openid","https://www.googleapis.com/auth/cloudplatformprojects.readonly","https://www.googleapis.com/auth/firebase","https://www.googleapis.com/auth/cloud-platform"]
[debug] [2021-09-09T10:31:00.264Z] > authorizing via signed-in user (rb9519208@gmail.com)
[info] i  emulators: Starting emulators: functions, hosting {"metadata":{"emulator":{"name":"hub"},"message":"Starting emulators: functions, hosting"}}
[warn] !  emulators: It seems that you are running multiple instances of the emulator suite for project clone-ceacd. This may result in unexpected behavior. 
[debug] [2021-09-09T10:31:00.320Z] [hub] writing locator at C:\Users\ADMIN\AppData\Local\Temp\hub-clone-ceacd.json
[warn] !  functions: The following emulators are not running, calls to these services from the Functions emulator will affect production: auth, firestore, database, pubsub, storage {"metadata":{"emulator":{"name":"functions"},"message":"The following emulators are not running, calls to these services from the Functions emulator will affect production: \u001b[1mauth, firestore, database, pubsub, storage\u001b[22m"}}
[info] +  functions: Using node@14 from host. {"metadata":{"emulator":{"name":"functions"},"message":"Using node@14 from host."}}
[debug] [2021-09-09T10:31:00.401Z] defaultcredentials: writing to file C:\Users\ADMIN\AppData\Roaming\firebase\rb9519208_gmail_com_application_default_credentials.json
[debug] [2021-09-09T10:31:00.403Z] Setting GAC to C:\Users\ADMIN\AppData\Roaming\firebase\rb9519208_gmail_com_application_default_credentials.json {"metadata":{"emulator":{"name":"functions"},"message":"Setting GAC to C:\\Users\\ADMIN\\AppData\\Roaming\\firebase\\rb9519208_gmail_com_application_default_credentials.json"}}
[debug] [2021-09-09T10:31:00.406Z] >>> [apiv2][query] GET https://firebase.googleapis.com/v1beta1/projects/clone-ceacd/adminSdkConfig [none]
[debug] [2021-09-09T10:31:01.388Z] <<< [apiv2][status] GET https://firebase.googleapis.com/v1beta1/projects/clone-ceacd/adminSdkConfig 200
[debug] [2021-09-09T10:31:01.388Z] <<< [apiv2][body] GET https://firebase.googleapis.com/v1beta1/projects/clone-ceacd/adminSdkConfig {"projectId":"clone-ceacd","storageBucket":"clone-ceacd.appspot.com"}
[debug] [2021-09-09T10:31:01.472Z] >>> [apiv2][query] GET https://firebasehosting.googleapis.com/v1beta1/projects/clone-ceacd/sites 
[debug] [2021-09-09T10:31:03.648Z] <<< [apiv2][status] GET https://firebasehosting.googleapis.com/v1beta1/projects/clone-ceacd/sites 200
[debug] [2021-09-09T10:31:03.649Z] <<< [apiv2][body] GET https://firebasehosting.googleapis.com/v1beta1/projects/clone-ceacd/sites {"sites":[{"name":"projects/546352001884/sites/clone-ceacd","defaultUrl":"https://clone-ceacd.web.app","appId":"1:546352001884:web:54a8ecf92da7cb4b9d0799","type":"DEFAULT_SITE"}]}
[debug] [2021-09-09T10:31:03.650Z] >>> [apiv2][query] GET https://firebase.googleapis.com/v1beta1/projects/clone-ceacd/webApps/1:546352001884:web:54a8ecf92da7cb4b9d0799/config [none]
[debug] [2021-09-09T10:31:05.586Z] <<< [apiv2][status] GET https://firebase.googleapis.com/v1beta1/projects/clone-ceacd/webApps/1:546352001884:web:54a8ecf92da7cb4b9d0799/config 200
[debug] [2021-09-09T10:31:05.587Z] <<< [apiv2][body] GET https://firebase.googleapis.com/v1beta1/projects/clone-ceacd/webApps/1:546352001884:web:54a8ecf92da7cb4b9d0799/config {"projectId":"clone-ceacd","appId":"1:546352001884:web:54a8ecf92da7cb4b9d0799","storageBucket":"clone-ceacd.appspot.com","apiKey":"AIzaSyDrvT6W6IuZcG7_ue6HaaqeEPBW6HEwwzc","authDomain":"clone-ceacd.firebaseapp.com","messagingSenderId":"546352001884","measurementId":"G-7W7Z93PNLV"}
[info] i  hosting: Serving hosting files from: build {"metadata":{"emulator":{"name":"hosting"},"message":"Serving hosting files from: \u001b[1mbuild\u001b[22m"}}
[info] +  hosting: Local server: http://localhost:5000 {"metadata":{"emulator":{"name":"hosting"},"message":"Local server: \u001b[4m\u001b[1mhttp://localhost:5000\u001b[22m\u001b[24m"}}
[warn] !  ui: Emulator UI unable to start on port 4000, starting on 4001 instead. {"metadata":{"emulator":{"name":"ui"},"message":"Emulator UI unable to start on port 4000, starting on 4001 instead."}}
[debug] [2021-09-09T10:31:05.760Z] Ignoring unsupported arg: auto_download {"metadata":{"emulator":{"name":"ui"},"message":"Ignoring unsupported arg: auto_download"}}
[debug] [2021-09-09T10:31:05.761Z] Ignoring unsupported arg: port {"metadata":{"emulator":{"name":"ui"},"message":"Ignoring unsupported arg: port"}}
[debug] [2021-09-09T10:31:05.761Z] Starting Emulator UI with command {"binary":"node","args":["C:\\Users\\ADMIN\\.cache\\firebase\\emulators\\ui-v1.6.0\\server.bundle.js"],"optionalArgs":[],"joinArgs":false} {"metadata":{"emulator":{"name":"ui"},"message":"Starting Emulator UI with command {\"binary\":\"node\",\"args\":[\"C:\\\\Users\\\\ADMIN\\\\.cache\\\\firebase\\\\emulators\\\\ui-v1.6.0\\\\server.bundle.js\"],\"optionalArgs\":[],\"joinArgs\":false}"}}
[info] i  ui: Emulator UI logging to ui-debug.log {"metadata":{"emulator":{"name":"ui"},"message":"Emulator UI logging to \u001b[1mui-debug.log\u001b[22m"}}
[debug] [2021-09-09T10:31:05.923Z] Web / API server started at localhost:4001
 {"metadata":{"emulator":{"name":"ui"},"message":"Web / API server started at localhost:4001\n"}}
[info] i  functions: Watching "C:\Users\ADMIN\Desktop\React\projects\amazon-clone\functions" for Cloud Functions... {"metadata":{"emulator":{"name":"functions"},"message":"Watching \"C:\\Users\\ADMIN\\Desktop\\React\\projects\\amazon-clone\\functions\" for Cloud Functions..."}}
[debug] [2021-09-09T10:31:06.092Z] [worker-pool] addWorker(~diagnostic~) {"metadata":{"emulator":{"name":"functions"},"message":"[worker-pool] addWorker(~diagnostic~)"}}
[debug] [2021-09-09T10:31:06.093Z] [worker-pool] Adding worker with key ~diagnostic~, total=1 {"metadata":{"emulator":{"name":"functions"},"message":"[worker-pool] Adding worker with key ~diagnostic~, total=1"}}
[debug] [2021-09-09T10:31:06.094Z] [worker-pool] submitWork(triggerId=) {"metadata":{"emulator":{"name":"functions"},"message":"[worker-pool] submitWork(triggerId=)"}}
[debug] [2021-09-09T10:31:06.095Z] [worker-~diagnostic~-2386a61e-d87e-469e-a940-1100b2dbebf2]: Assigning socketPath: \\?\pipe\C:\Users\ADMIN\Desktop\React\projects\amazon-clone\functions\29016 {"metadata":{"emulator":{"name":"functions"},"message":"[worker-~diagnostic~-2386a61e-d87e-469e-a940-1100b2dbebf2]: Assigning socketPath: \\\\?\\pipe\\C:\\Users\\ADMIN\\Desktop\\React\\projects\\amazon-clone\\functions\\29016"}}
[debug] [2021-09-09T10:31:06.096Z] [worker-~diagnostic~-2386a61e-d87e-469e-a940-1100b2dbebf2]: BUSY {"metadata":{"emulator":{"name":"functions"},"message":"[worker-~diagnostic~-2386a61e-d87e-469e-a940-1100b2dbebf2]: BUSY"}}
[debug] [2021-09-09T10:31:06.417Z] [runtime-status] [29016] Functions runtime initialized. {"cwd":"C:\\Users\\ADMIN\\Desktop\\React\\projects\\amazon-clone\\functions","node_version":"14.17.0"} {"metadata":{"emulator":{"name":"functions"},"message":"[runtime-status] [29016] Functions runtime initialized. {\"cwd\":\"C:\\\\Users\\\\ADMIN\\\\Desktop\\\\React\\\\projects\\\\amazon-clone\\\\functions\",\"node_version\":\"14.17.0\"}"}}
[debug] [2021-09-09T10:31:06.418Z] [runtime-status] [29016] Disabled runtime features: undefined {"metadata":{"emulator":{"name":"functions"},"message":"[runtime-status] [29016] Disabled runtime features: undefined"}}
[debug] [2021-09-09T10:31:06.423Z] [runtime-status] [29016] Resolved module firebase-admin {"declared":true,"installed":true,"version":"9.11.1","resolution":"C:\\Users\\ADMIN\\Desktop\\React\\projects\\amazon-clone\\functions\\node_modules\\firebase-admin\\lib\\index.js"} {"metadata":{"emulator":{"name":"functions"},"message":"[runtime-status] [29016] Resolved module firebase-admin {\"declared\":true,\"installed\":true,\"version\":\"9.11.1\",\"resolution\":\"C:\\\\Users\\\\ADMIN\\\\Desktop\\\\React\\\\projects\\\\amazon-clone\\\\functions\\\\node_modules\\\\firebase-admin\\\\lib\\\\index.js\"}"}}
[debug] [2021-09-09T10:31:06.427Z] [runtime-status] [29016] Resolved module firebase-functions {"declared":true,"installed":true,"version":"3.15.5","resolution":"C:\\Users\\ADMIN\\Desktop\\React\\projects\\amazon-clone\\functions\\node_modules\\firebase-functions\\lib\\index.js"} {"metadata":{"emulator":{"name":"functions"},"message":"[runtime-status] [29016] Resolved module firebase-functions {\"declared\":true,\"installed\":true,\"version\":\"3.15.5\",\"resolution\":\"C:\\\\Users\\\\ADMIN\\\\Desktop\\\\React\\\\projects\\\\amazon-clone\\\\functions\\\\node_modules\\\\firebase-functions\\\\lib\\\\index.js\"}"}}
[debug] [2021-09-09T10:31:06.431Z] [runtime-status] [29016] Resolved module firebase-functions {"declared":true,"installed":true,"version":"3.15.5","resolution":"C:\\Users\\ADMIN\\Desktop\\React\\projects\\amazon-clone\\functions\\node_modules\\firebase-functions\\lib\\index.js"} {"metadata":{"emulator":{"name":"functions"},"message":"[runtime-status] [29016] Resolved module firebase-functions {\"declared\":true,\"installed\":true,\"version\":\"3.15.5\",\"resolution\":\"C:\\\\Users\\\\ADMIN\\\\Desktop\\\\React\\\\projects\\\\amazon-clone\\\\functions\\\\node_modules\\\\firebase-functions\\\\lib\\\\index.js\"}"}}
[debug] [2021-09-09T10:31:06.435Z] [runtime-status] [29016] Outgoing network have been stubbed. [{"name":"http","status":"mocked"},{"name":"http","status":"mocked"},{"name":"https","status":"mocked"},{"name":"https","status":"mocked"},{"name":"net","status":"mocked"}] {"metadata":{"emulator":{"name":"functions"},"message":"[runtime-status] [29016] Outgoing network have been stubbed. [{\"name\":\"http\",\"status\":\"mocked\"},{\"name\":\"http\",\"status\":\"mocked\"},{\"name\":\"https\",\"status\":\"mocked\"},{\"name\":\"https\",\"status\":\"mocked\"},{\"name\":\"net\",\"status\":\"mocked\"}]"}}
[debug] [2021-09-09T10:31:06.437Z] [runtime-status] [29016] Resolved module firebase-functions {"declared":true,"installed":true,"version":"3.15.5","resolution":"C:\\Users\\ADMIN\\Desktop\\React\\projects\\amazon-clone\\functions\\node_modules\\firebase-functions\\lib\\index.js"} {"metadata":{"emulator":{"name":"functions"},"message":"[runtime-status] [29016] Resolved module firebase-functions {\"declared\":true,\"installed\":true,\"version\":\"3.15.5\",\"resolution\":\"C:\\\\Users\\\\ADMIN\\\\Desktop\\\\React\\\\projects\\\\amazon-clone\\\\functions\\\\node_modules\\\\firebase-functions\\\\lib\\\\index.js\"}"}}
[debug] [2021-09-09T10:31:06.513Z] [runtime-status] [29016] Checked functions.config() {"config":{}} {"metadata":{"emulator":{"name":"functions"},"message":"[runtime-status] [29016] Checked functions.config() {\"config\":{}}"}}
[debug] [2021-09-09T10:31:06.514Z] [runtime-status] [29016] firebase-functions has been stubbed. {"functionsResolution":{"declared":true,"installed":true,"version":"3.15.5","resolution":"C:\\Users\\ADMIN\\Desktop\\React\\projects\\amazon-clone\\functions\\node_modules\\firebase-functions\\lib\\index.js"}} {"metadata":{"emulator":{"name":"functions"},"message":"[runtime-status] [29016] firebase-functions has been stubbed. {\"functionsResolution\":{\"declared\":true,\"installed\":true,\"version\":\"3.15.5\",\"resolution\":\"C:\\\\Users\\\\ADMIN\\\\Desktop\\\\React\\\\projects\\\\amazon-clone\\\\functions\\\\node_modules\\\\firebase-functions\\\\lib\\\\index.js\"}}"}}
[debug] [2021-09-09T10:31:06.515Z] [runtime-status] [29016] Resolved module firebase-functions {"declared":true,"installed":true,"version":"3.15.5","resolution":"C:\\Users\\ADMIN\\Desktop\\React\\projects\\amazon-clone\\functions\\node_modules\\firebase-functions\\lib\\index.js"} {"metadata":{"emulator":{"name":"functions"},"message":"[runtime-status] [29016] Resolved module firebase-functions {\"declared\":true,\"installed\":true,\"version\":\"3.15.5\",\"resolution\":\"C:\\\\Users\\\\ADMIN\\\\Desktop\\\\React\\\\projects\\\\amazon-clone\\\\functions\\\\node_modules\\\\firebase-functions\\\\lib\\\\index.js\"}"}}
[debug] [2021-09-09T10:31:06.516Z] [runtime-status] [29016] Resolved module firebase-admin {"declared":true,"installed":true,"version":"9.11.1","resolution":"C:\\Users\\ADMIN\\Desktop\\React\\projects\\amazon-clone\\functions\\node_modules\\firebase-admin\\lib\\index.js"} {"metadata":{"emulator":{"name":"functions"},"message":"[runtime-status] [29016] Resolved module firebase-admin {\"declared\":true,\"installed\":true,\"version\":\"9.11.1\",\"resolution\":\"C:\\\\Users\\\\ADMIN\\\\Desktop\\\\React\\\\projects\\\\amazon-clone\\\\functions\\\\node_modules\\\\firebase-admin\\\\lib\\\\index.js\"}"}}
[debug] [2021-09-09T10:31:06.518Z] [runtime-status] [29016] Resolved module firebase-functions {"declared":true,"installed":true,"version":"3.15.5","resolution":"C:\\Users\\ADMIN\\Desktop\\React\\projects\\amazon-clone\\functions\\node_modules\\firebase-functions\\lib\\index.js"} {"metadata":{"emulator":{"name":"functions"},"message":"[runtime-status] [29016] Resolved module firebase-functions {\"declared\":true,\"installed\":true,\"version\":\"3.15.5\",\"resolution\":\"C:\\\\Users\\\\ADMIN\\\\Desktop\\\\React\\\\projects\\\\amazon-clone\\\\functions\\\\node_modules\\\\firebase-functions\\\\lib\\\\index.js\"}"}}
[debug] [2021-09-09T10:31:06.518Z] [runtime-status] [29016] firebase-admin has been stubbed. {"adminResolution":{"declared":true,"installed":true,"version":"9.11.1","resolution":"C:\\Users\\ADMIN\\Desktop\\React\\projects\\amazon-clone\\functions\\node_modules\\firebase-admin\\lib\\index.js"}} {"metadata":{"emulator":{"name":"functions"},"message":"[runtime-status] [29016] firebase-admin has been stubbed. {\"adminResolution\":{\"declared\":true,\"installed\":true,\"version\":\"9.11.1\",\"resolution\":\"C:\\\\Users\\\\ADMIN\\\\Desktop\\\\React\\\\projects\\\\amazon-clone\\\\functions\\\\node_modules\\\\firebase-admin\\\\lib\\\\index.js\"}}"}}
[info] +  functions[us-central1-api]: http function initialized (http://localhost:5001/clone-ceacd/us-central1/api). {"metadata":{"emulator":{"name":"functions"},"message":"\u001b[1mhttp\u001b[22m function initialized (http://localhost:5001/clone-ceacd/us-central1/api)."}}
[info] 
┌─────────────────────────────────────────────────────────────┐
│ ✔  All emulators ready! It is now safe to connect your app. │
│ i  View Emulator UI at http://localhost:4001                │
└─────────────────────────────────────────────────────────────┘

┌───────────┬────────────────┬─────────────────────────────────┐
│ Emulator  │ Host:Port      │ View in Emulator UI             │
├───────────┼────────────────┼─────────────────────────────────┤
│ Functions │ localhost:5001 │ http://localhost:4001/functions │
├───────────┼────────────────┼─────────────────────────────────┤
│ Hosting   │ localhost:5000 │ n/a                             │
└───────────┴────────────────┴─────────────────────────────────┘
  Emulator Hub running at localhost:4400
  Other reserved ports: 4500

Issues? Report them at https://github.com/firebase/firebase-tools/issues and attach the *-debug.log files.
 
[debug] [2021-09-09T10:31:06.785Z] [worker-~diagnostic~-2386a61e-d87e-469e-a940-1100b2dbebf2]: IDLE {"metadata":{"emulator":{"name":"functions"},"message":"[worker-~diagnostic~-2386a61e-d87e-469e-a940-1100b2dbebf2]: IDLE"}}
[debug] [2021-09-09T10:40:44.448Z] [work-queue] {"queueLength":1,"workRunningCount":0}
[debug] [2021-09-09T10:40:44.449Z] [work-queue] {"queueLength":0,"workRunningCount":1}
[debug] [2021-09-09T10:40:44.451Z] Accepted request POST /clone-ceacd/us-central1/api/payments/create?total=149950 --> us-central1-api
[debug] [2021-09-09T10:40:44.486Z] [worker-pool] addWorker(us-central1-api) {"metadata":{"emulator":{"name":"functions"},"message":"[worker-pool] addWorker(us-central1-api)"}}
[debug] [2021-09-09T10:40:44.487Z] [worker-pool] Adding worker with key us-central1-api, total=1 {"metadata":{"emulator":{"name":"functions"},"message":"[worker-pool] Adding worker with key us-central1-api, total=1"}}
[debug] [2021-09-09T10:40:44.487Z] [worker-pool] submitWork(triggerId=us-central1-api) {"metadata":{"emulator":{"name":"functions"},"message":"[worker-pool] submitWork(triggerId=us-central1-api)"}}
[debug] [2021-09-09T10:40:44.487Z] [worker-us-central1-api-64dd2d9a-4d16-44bf-ad94-596ebb89b64f]: Assigning socketPath: \\?\pipe\C:\Users\ADMIN\Desktop\React\projects\amazon-clone\functions\24264 {"metadata":{"emulator":{"name":"functions"},"message":"[worker-us-central1-api-64dd2d9a-4d16-44bf-ad94-596ebb89b64f]: Assigning socketPath: \\\\?\\pipe\\C:\\Users\\ADMIN\\Desktop\\React\\projects\\amazon-clone\\functions\\24264"}}
[debug] [2021-09-09T10:40:44.487Z] [worker-us-central1-api-64dd2d9a-4d16-44bf-ad94-596ebb89b64f]: BUSY {"metadata":{"emulator":{"name":"functions"},"message":"[worker-us-central1-api-64dd2d9a-4d16-44bf-ad94-596ebb89b64f]: BUSY"}}
[debug] [2021-09-09T10:40:47.513Z] [runtime-status] [24264] Functions runtime initialized. {"cwd":"C:\\Users\\ADMIN\\Desktop\\React\\projects\\amazon-clone\\functions","node_version":"14.17.0"} {"metadata":{"emulator":{"name":"functions"},"function":{"name":"us-central1-api"},"message":"[runtime-status] [24264] Functions runtime initialized. {\"cwd\":\"C:\\\\Users\\\\ADMIN\\\\Desktop\\\\React\\\\projects\\\\amazon-clone\\\\functions\",\"node_version\":\"14.17.0\"}"}}
[debug] [2021-09-09T10:40:47.518Z] [runtime-status] [24264] Disabled runtime features: undefined {"metadata":{"emulator":{"name":"functions"},"function":{"name":"us-central1-api"},"message":"[runtime-status] [24264] Disabled runtime features: undefined"}}
[debug] [2021-09-09T10:40:47.550Z] [runtime-status] [24264] Resolved module firebase-admin {"declared":true,"installed":true,"version":"9.11.1","resolution":"C:\\Users\\ADMIN\\Desktop\\React\\projects\\amazon-clone\\functions\\node_modules\\firebase-admin\\lib\\index.js"} {"metadata":{"emulator":{"name":"functions"},"function":{"name":"us-central1-api"},"message":"[runtime-status] [24264] Resolved module firebase-admin {\"declared\":true,\"installed\":true,\"version\":\"9.11.1\",\"resolution\":\"C:\\\\Users\\\\ADMIN\\\\Desktop\\\\React\\\\projects\\\\amazon-clone\\\\functions\\\\node_modules\\\\firebase-admin\\\\lib\\\\index.js\"}"}}
[debug] [2021-09-09T10:40:47.556Z] [runtime-status] [24264] Resolved module firebase-functions {"declared":true,"installed":true,"version":"3.15.5","resolution":"C:\\Users\\ADMIN\\Desktop\\React\\projects\\amazon-clone\\functions\\node_modules\\firebase-functions\\lib\\index.js"} {"metadata":{"emulator":{"name":"functions"},"function":{"name":"us-central1-api"},"message":"[runtime-status] [24264] Resolved module firebase-functions {\"declared\":true,\"installed\":true,\"version\":\"3.15.5\",\"resolution\":\"C:\\\\Users\\\\ADMIN\\\\Desktop\\\\React\\\\projects\\\\amazon-clone\\\\functions\\\\node_modules\\\\firebase-functions\\\\lib\\\\index.js\"}"}}
[debug] [2021-09-09T10:40:47.560Z] [runtime-status] [24264] Resolved module firebase-functions {"declared":true,"installed":true,"version":"3.15.5","resolution":"C:\\Users\\ADMIN\\Desktop\\React\\projects\\amazon-clone\\functions\\node_modules\\firebase-functions\\lib\\index.js"} {"metadata":{"emulator":{"name":"functions"},"function":{"name":"us-central1-api"},"message":"[runtime-status] [24264] Resolved module firebase-functions {\"declared\":true,\"installed\":true,\"version\":\"3.15.5\",\"resolution\":\"C:\\\\Users\\\\ADMIN\\\\Desktop\\\\React\\\\projects\\\\amazon-clone\\\\functions\\\\node_modules\\\\firebase-functions\\\\lib\\\\index.js\"}"}}
[debug] [2021-09-09T10:40:47.562Z] [runtime-status] [24264] Outgoing network have been stubbed. [{"name":"http","status":"mocked"},{"name":"http","status":"mocked"},{"name":"https","status":"mocked"},{"name":"https","status":"mocked"},{"name":"net","status":"mocked"}] {"metadata":{"emulator":{"name":"functions"},"function":{"name":"us-central1-api"},"message":"[runtime-status] [24264] Outgoing network have been stubbed. [{\"name\":\"http\",\"status\":\"mocked\"},{\"name\":\"http\",\"status\":\"mocked\"},{\"name\":\"https\",\"status\":\"mocked\"},{\"name\":\"https\",\"status\":\"mocked\"},{\"name\":\"net\",\"status\":\"mocked\"}]"}}
[debug] [2021-09-09T10:40:47.564Z] [runtime-status] [24264] Resolved module firebase-functions {"declared":true,"installed":true,"version":"3.15.5","resolution":"C:\\Users\\ADMIN\\Desktop\\React\\projects\\amazon-clone\\functions\\node_modules\\firebase-functions\\lib\\index.js"} {"metadata":{"emulator":{"name":"functions"},"function":{"name":"us-central1-api"},"message":"[runtime-status] [24264] Resolved module firebase-functions {\"declared\":true,\"installed\":true,\"version\":\"3.15.5\",\"resolution\":\"C:\\\\Users\\\\ADMIN\\\\Desktop\\\\React\\\\projects\\\\amazon-clone\\\\functions\\\\node_modules\\\\firebase-functions\\\\lib\\\\index.js\"}"}}
[debug] [2021-09-09T10:40:48.659Z] [runtime-status] [24264] Checked functions.config() {"config":{}} {"metadata":{"emulator":{"name":"functions"},"function":{"name":"us-central1-api"},"message":"[runtime-status] [24264] Checked functions.config() {\"config\":{}}"}}
[debug] [2021-09-09T10:40:48.660Z] [runtime-status] [24264] firebase-functions has been stubbed. {"functionsResolution":{"declared":true,"installed":true,"version":"3.15.5","resolution":"C:\\Users\\ADMIN\\Desktop\\React\\projects\\amazon-clone\\functions\\node_modules\\firebase-functions\\lib\\index.js"}} {"metadata":{"emulator":{"name":"functions"},"function":{"name":"us-central1-api"},"message":"[runtime-status] [24264] firebase-functions has been stubbed. {\"functionsResolution\":{\"declared\":true,\"installed\":true,\"version\":\"3.15.5\",\"resolution\":\"C:\\\\Users\\\\ADMIN\\\\Desktop\\\\React\\\\projects\\\\amazon-clone\\\\functions\\\\node_modules\\\\firebase-functions\\\\lib\\\\index.js\"}}"}}
[debug] [2021-09-09T10:40:48.661Z] [runtime-status] [24264] Resolved module firebase-functions {"declared":true,"installed":true,"version":"3.15.5","resolution":"C:\\Users\\ADMIN\\Desktop\\React\\projects\\amazon-clone\\functions\\node_modules\\firebase-functions\\lib\\index.js"} {"metadata":{"emulator":{"name":"functions"},"function":{"name":"us-central1-api"},"message":"[runtime-status] [24264] Resolved module firebase-functions {\"declared\":true,\"installed\":true,\"version\":\"3.15.5\",\"resolution\":\"C:\\\\Users\\\\ADMIN\\\\Desktop\\\\React\\\\projects\\\\amazon-clone\\\\functions\\\\node_modules\\\\firebase-functions\\\\lib\\\\index.js\"}"}}
[debug] [2021-09-09T10:40:48.663Z] [runtime-status] [24264] Resolved module firebase-admin {"declared":true,"installed":true,"version":"9.11.1","resolution":"C:\\Users\\ADMIN\\Desktop\\React\\projects\\amazon-clone\\functions\\node_modules\\firebase-admin\\lib\\index.js"} {"metadata":{"emulator":{"name":"functions"},"function":{"name":"us-central1-api"},"message":"[runtime-status] [24264] Resolved module firebase-admin {\"declared\":true,\"installed\":true,\"version\":\"9.11.1\",\"resolution\":\"C:\\\\Users\\\\ADMIN\\\\Desktop\\\\React\\\\projects\\\\amazon-clone\\\\functions\\\\node_modules\\\\firebase-admin\\\\lib\\\\index.js\"}"}}
[debug] [2021-09-09T10:40:48.664Z] [runtime-status] [24264] Resolved module firebase-functions {"declared":true,"installed":true,"version":"3.15.5","resolution":"C:\\Users\\ADMIN\\Desktop\\React\\projects\\amazon-clone\\functions\\node_modules\\firebase-functions\\lib\\index.js"} {"metadata":{"emulator":{"name":"functions"},"function":{"name":"us-central1-api"},"message":"[runtime-status] [24264] Resolved module firebase-functions {\"declared\":true,\"installed\":true,\"version\":\"3.15.5\",\"resolution\":\"C:\\\\Users\\\\ADMIN\\\\Desktop\\\\React\\\\projects\\\\amazon-clone\\\\functions\\\\node_modules\\\\firebase-functions\\\\lib\\\\index.js\"}"}}
[debug] [2021-09-09T10:40:48.665Z] [runtime-status] [24264] firebase-admin has been stubbed. {"adminResolution":{"declared":true,"installed":true,"version":"9.11.1","resolution":"C:\\Users\\ADMIN\\Desktop\\React\\projects\\amazon-clone\\functions\\node_modules\\firebase-admin\\lib\\index.js"}} {"metadata":{"emulator":{"name":"functions"},"function":{"name":"us-central1-api"},"message":"[runtime-status] [24264] firebase-admin has been stubbed. {\"adminResolution\":{\"declared\":true,\"installed\":true,\"version\":\"9.11.1\",\"resolution\":\"C:\\\\Users\\\\ADMIN\\\\Desktop\\\\React\\\\projects\\\\amazon-clone\\\\functions\\\\node_modules\\\\firebase-admin\\\\lib\\\\index.js\"}}"}}
[debug] [2021-09-09T10:40:50.748Z] [runtime-status] [24264] Trigger "us-central1-api" has been found, beginning invocation! {"metadata":{"emulator":{"name":"functions"},"function":{"name":"us-central1-api"},"message":"[runtime-status] [24264] Trigger \"us-central1-api\" has been found, beginning invocation!"}}
[info] i  functions: Beginning execution of "us-central1-api" {"metadata":{"emulator":{"name":"functions"},"function":{"name":"us-central1-api"},"message":"Beginning execution of \"us-central1-api\""}}
[debug] [2021-09-09T10:40:50.753Z] [runtime-status] [24264] triggerDefinition {"httpsTrigger":{},"name":"api","entryPoint":"api","regions":["us-central1"],"region":"us-central1","id":"us-central1-api"} {"metadata":{"emulator":{"name":"functions"},"function":{"name":"us-central1-api"},"message":"[runtime-status] [24264] triggerDefinition {\"httpsTrigger\":{},\"name\":\"api\",\"entryPoint\":\"api\",\"regions\":[\"us-central1\"],\"region\":\"us-central1\",\"id\":\"us-central1-api\"}"}}
[debug] [2021-09-09T10:40:50.753Z] [runtime-status] [24264] Running us-central1-api in mode HTTPS {"metadata":{"emulator":{"name":"functions"},"function":{"name":"us-central1-api"},"message":"[runtime-status] [24264] Running us-central1-api in mode HTTPS"}}
[debug] [2021-09-09T10:40:50.759Z] [runtime-status] [24264] Attempting to listen to socketPath: \\?\pipe\C:\Users\ADMIN\Desktop\React\projects\amazon-clone\functions\24264 {"metadata":{"emulator":{"name":"functions"},"function":{"name":"us-central1-api"},"message":"[runtime-status] [24264] Attempting to listen to socketPath: \\\\?\\pipe\\C:\\Users\\ADMIN\\Desktop\\React\\projects\\amazon-clone\\functions\\24264"}}
[debug] [2021-09-09T10:40:50.778Z] [functions] Runtime ready! Sending request! {"metadata":{"emulator":{"name":"functions"},"message":"[functions] Runtime ready! Sending request!"}}
[debug] [2021-09-09T10:40:50.780Z] [functions] Got req.url=/clone-ceacd/us-central1/api/payments/create?total=149950, mapping to path=/payments/create?total=149950 {"metadata":{"emulator":{"name":"functions"},"message":"[functions] Got req.url=/clone-ceacd/us-central1/api/payments/create?total=149950, mapping to path=/payments/create?total=149950"}}
[debug] [2021-09-09T10:40:50.792Z] [runtime-status] [24264] Ephemeral server handling POST request {"metadata":{"emulator":{"name":"functions"},"function":{"name":"us-central1-api"},"message":"[runtime-status] [24264] Ephemeral server handling POST request"}}
[debug] [2021-09-09T10:40:50.802Z] [runtime-status] [24264] Ephemeral server survived. {"metadata":{"emulator":{"name":"functions"},"function":{"name":"us-central1-api"},"message":"[runtime-status] [24264] Ephemeral server survived."}}
[info] i  functions: Finished "us-central1-api" in ~1s {"metadata":{"emulator":{"name":"functions"},"function":{"name":"us-central1-api"},"message":"Finished \"us-central1-api\" in ~1s"}}
[debug] [2021-09-09T10:40:50.807Z] [worker-us-central1-api-64dd2d9a-4d16-44bf-ad94-596ebb89b64f]: IDLE {"metadata":{"emulator":{"name":"functions"},"message":"[worker-us-central1-api-64dd2d9a-4d16-44bf-ad94-596ebb89b64f]: IDLE"}}
[debug] [2021-09-09T10:40:50.807Z] [work-queue] {"queueLength":0,"workRunningCount":0}
[debug] [2021-09-09T10:50:48.167Z] File C:\Users\ADMIN\Desktop\React\projects\amazon-clone\functions\index.js changed, reloading triggers {"metadata":{"emulator":{"name":"functions"},"message":"File C:\\Users\\ADMIN\\Desktop\\React\\projects\\amazon-clone\\functions\\index.js changed, reloading triggers"}}
[debug] [2021-09-09T10:50:48.292Z] File C:\Users\ADMIN\Desktop\React\projects\amazon-clone\functions\index.js changed, reloading triggers {"metadata":{"emulator":{"name":"functions"},"message":"File C:\\Users\\ADMIN\\Desktop\\React\\projects\\amazon-clone\\functions\\index.js changed, reloading triggers"}}
[debug] [2021-09-09T10:50:49.300Z] [worker-pool] Shutting down IDLE worker (~diagnostic~) {"metadata":{"emulator":{"name":"functions"},"message":"[worker-pool] Shutting down IDLE worker (~diagnostic~)"}}
[debug] [2021-09-09T10:50:49.301Z] [worker-~diagnostic~-2386a61e-d87e-469e-a940-1100b2dbebf2]: FINISHING {"metadata":{"emulator":{"name":"functions"},"message":"[worker-~diagnostic~-2386a61e-d87e-469e-a940-1100b2dbebf2]: FINISHING"}}
[debug] [2021-09-09T10:50:49.301Z] [worker-pool] Shutting down IDLE worker (us-central1-api) {"metadata":{"emulator":{"name":"functions"},"message":"[worker-pool] Shutting down IDLE worker (us-central1-api)"}}
[debug] [2021-09-09T10:50:49.302Z] [worker-us-central1-api-64dd2d9a-4d16-44bf-ad94-596ebb89b64f]: FINISHING {"metadata":{"emulator":{"name":"functions"},"message":"[worker-us-central1-api-64dd2d9a-4d16-44bf-ad94-596ebb89b64f]: FINISHING"}}
[debug] [2021-09-09T10:50:49.311Z] [worker-pool] addWorker(~diagnostic~) {"metadata":{"emulator":{"name":"functions"},"message":"[worker-pool] addWorker(~diagnostic~)"}}
[debug] [2021-09-09T10:50:49.312Z] [worker-pool] Adding worker with key ~diagnostic~, total=2 {"metadata":{"emulator":{"name":"functions"},"message":"[worker-pool] Adding worker with key ~diagnostic~, total=2"}}
[debug] [2021-09-09T10:50:49.312Z] [worker-pool] submitWork(triggerId=) {"metadata":{"emulator":{"name":"functions"},"message":"[worker-pool] submitWork(triggerId=)"}}
[debug] [2021-09-09T10:50:49.312Z] [worker-~diagnostic~-46b791d5-d3b0-4562-8f3e-b0f8a02afa51]: Assigning socketPath: \\?\pipe\C:\Users\ADMIN\Desktop\React\projects\amazon-clone\functions\32112 {"metadata":{"emulator":{"name":"functions"},"message":"[worker-~diagnostic~-46b791d5-d3b0-4562-8f3e-b0f8a02afa51]: Assigning socketPath: \\\\?\\pipe\\C:\\Users\\ADMIN\\Desktop\\React\\projects\\amazon-clone\\functions\\32112"}}
[debug] [2021-09-09T10:50:49.313Z] [worker-~diagnostic~-46b791d5-d3b0-4562-8f3e-b0f8a02afa51]: BUSY {"metadata":{"emulator":{"name":"functions"},"message":"[worker-~diagnostic~-46b791d5-d3b0-4562-8f3e-b0f8a02afa51]: BUSY"}}
[debug] [2021-09-09T10:50:49.316Z] [worker-~diagnostic~-2386a61e-d87e-469e-a940-1100b2dbebf2]: exited {"metadata":{"emulator":{"name":"functions"},"message":"[worker-~diagnostic~-2386a61e-d87e-469e-a940-1100b2dbebf2]: exited"}}
[debug] [2021-09-09T10:50:49.316Z] [worker-~diagnostic~-2386a61e-d87e-469e-a940-1100b2dbebf2]: FINISHED {"metadata":{"emulator":{"name":"functions"},"message":"[worker-~diagnostic~-2386a61e-d87e-469e-a940-1100b2dbebf2]: FINISHED"}}
[debug] [2021-09-09T10:50:49.316Z] [worker-us-central1-api-64dd2d9a-4d16-44bf-ad94-596ebb89b64f]: exited {"metadata":{"emulator":{"name":"functions"},"message":"[worker-us-central1-api-64dd2d9a-4d16-44bf-ad94-596ebb89b64f]: exited"}}
[debug] [2021-09-09T10:50:49.317Z] [worker-us-central1-api-64dd2d9a-4d16-44bf-ad94-596ebb89b64f]: FINISHED {"metadata":{"emulator":{"name":"functions"},"message":"[worker-us-central1-api-64dd2d9a-4d16-44bf-ad94-596ebb89b64f]: FINISHED"}}
[debug] [2021-09-09T10:50:49.597Z] [runtime-status] [32112] Functions runtime initialized. {"cwd":"C:\\Users\\ADMIN\\Desktop\\React\\projects\\amazon-clone\\functions","node_version":"14.17.0"} {"metadata":{"emulator":{"name":"functions"},"message":"[runtime-status] [32112] Functions runtime initialized. {\"cwd\":\"C:\\\\Users\\\\ADMIN\\\\Desktop\\\\React\\\\projects\\\\amazon-clone\\\\functions\",\"node_version\":\"14.17.0\"}"}}
[debug] [2021-09-09T10:50:49.601Z] [runtime-status] [32112] Disabled runtime features: undefined {"metadata":{"emulator":{"name":"functions"},"message":"[runtime-status] [32112] Disabled runtime features: undefined"}}
[debug] [2021-09-09T10:50:49.605Z] [runtime-status] [32112] Resolved module firebase-admin {"declared":true,"installed":true,"version":"9.11.1","resolution":"C:\\Users\\ADMIN\\Desktop\\React\\projects\\amazon-clone\\functions\\node_modules\\firebase-admin\\lib\\index.js"} {"metadata":{"emulator":{"name":"functions"},"message":"[runtime-status] [32112] Resolved module firebase-admin {\"declared\":true,\"installed\":true,\"version\":\"9.11.1\",\"resolution\":\"C:\\\\Users\\\\ADMIN\\\\Desktop\\\\React\\\\projects\\\\amazon-clone\\\\functions\\\\node_modules\\\\firebase-admin\\\\lib\\\\index.js\"}"}}
[debug] [2021-09-09T10:50:49.612Z] [runtime-status] [32112] Resolved module firebase-functions {"declared":true,"installed":true,"version":"3.15.5","resolution":"C:\\Users\\ADMIN\\Desktop\\React\\projects\\amazon-clone\\functions\\node_modules\\firebase-functions\\lib\\index.js"} {"metadata":{"emulator":{"name":"functions"},"message":"[runtime-status] [32112] Resolved module firebase-functions {\"declared\":true,\"installed\":true,\"version\":\"3.15.5\",\"resolution\":\"C:\\\\Users\\\\ADMIN\\\\Desktop\\\\React\\\\projects\\\\amazon-clone\\\\functions\\\\node_modules\\\\firebase-functions\\\\lib\\\\index.js\"}"}}
[debug] [2021-09-09T10:50:49.615Z] [runtime-status] [32112] Resolved module firebase-functions {"declared":true,"installed":true,"version":"3.15.5","resolution":"C:\\Users\\ADMIN\\Desktop\\React\\projects\\amazon-clone\\functions\\node_modules\\firebase-functions\\lib\\index.js"} {"metadata":{"emulator":{"name":"functions"},"message":"[runtime-status] [32112] Resolved module firebase-functions {\"declared\":true,\"installed\":true,\"version\":\"3.15.5\",\"resolution\":\"C:\\\\Users\\\\ADMIN\\\\Desktop\\\\React\\\\projects\\\\amazon-clone\\\\functions\\\\node_modules\\\\firebase-functions\\\\lib\\\\index.js\"}"}}
[debug] [2021-09-09T10:50:49.617Z] [runtime-status] [32112] Outgoing network have been stubbed. [{"name":"http","status":"mocked"},{"name":"http","status":"mocked"},{"name":"https","status":"mocked"},{"name":"https","status":"mocked"},{"name":"net","status":"mocked"}] {"metadata":{"emulator":{"name":"functions"},"message":"[runtime-status] [32112] Outgoing network have been stubbed. [{\"name\":\"http\",\"status\":\"mocked\"},{\"name\":\"http\",\"status\":\"mocked\"},{\"name\":\"https\",\"status\":\"mocked\"},{\"name\":\"https\",\"status\":\"mocked\"},{\"name\":\"net\",\"status\":\"mocked\"}]"}}
[debug] [2021-09-09T10:50:49.619Z] [runtime-status] [32112] Resolved module firebase-functions {"declared":true,"installed":true,"version":"3.15.5","resolution":"C:\\Users\\ADMIN\\Desktop\\React\\projects\\amazon-clone\\functions\\node_modules\\firebase-functions\\lib\\index.js"} {"metadata":{"emulator":{"name":"functions"},"message":"[runtime-status] [32112] Resolved module firebase-functions {\"declared\":true,\"installed\":true,\"version\":\"3.15.5\",\"resolution\":\"C:\\\\Users\\\\ADMIN\\\\Desktop\\\\React\\\\projects\\\\amazon-clone\\\\functions\\\\node_modules\\\\firebase-functions\\\\lib\\\\index.js\"}"}}
[debug] [2021-09-09T10:50:49.690Z] [runtime-status] [32112] Checked functions.config() {"config":{}} {"metadata":{"emulator":{"name":"functions"},"message":"[runtime-status] [32112] Checked functions.config() {\"config\":{}}"}}
[debug] [2021-09-09T10:50:49.691Z] [runtime-status] [32112] firebase-functions has been stubbed. {"functionsResolution":{"declared":true,"installed":true,"version":"3.15.5","resolution":"C:\\Users\\ADMIN\\Desktop\\React\\projects\\amazon-clone\\functions\\node_modules\\firebase-functions\\lib\\index.js"}} {"metadata":{"emulator":{"name":"functions"},"message":"[runtime-status] [32112] firebase-functions has been stubbed. {\"functionsResolution\":{\"declared\":true,\"installed\":true,\"version\":\"3.15.5\",\"resolution\":\"C:\\\\Users\\\\ADMIN\\\\Desktop\\\\React\\\\projects\\\\amazon-clone\\\\functions\\\\node_modules\\\\firebase-functions\\\\lib\\\\index.js\"}}"}}
[debug] [2021-09-09T10:50:49.692Z] [runtime-status] [32112] Resolved module firebase-functions {"declared":true,"installed":true,"version":"3.15.5","resolution":"C:\\Users\\ADMIN\\Desktop\\React\\projects\\amazon-clone\\functions\\node_modules\\firebase-functions\\lib\\index.js"} {"metadata":{"emulator":{"name":"functions"},"message":"[runtime-status] [32112] Resolved module firebase-functions {\"declared\":true,\"installed\":true,\"version\":\"3.15.5\",\"resolution\":\"C:\\\\Users\\\\ADMIN\\\\Desktop\\\\React\\\\projects\\\\amazon-clone\\\\functions\\\\node_modules\\\\firebase-functions\\\\lib\\\\index.js\"}"}}
[debug] [2021-09-09T10:50:49.693Z] [runtime-status] [32112] Resolved module firebase-admin {"declared":true,"installed":true,"version":"9.11.1","resolution":"C:\\Users\\ADMIN\\Desktop\\React\\projects\\amazon-clone\\functions\\node_modules\\firebase-admin\\lib\\index.js"} {"metadata":{"emulator":{"name":"functions"},"message":"[runtime-status] [32112] Resolved module firebase-admin {\"declared\":true,\"installed\":true,\"version\":\"9.11.1\",\"resolution\":\"C:\\\\Users\\\\ADMIN\\\\Desktop\\\\React\\\\projects\\\\amazon-clone\\\\functions\\\\node_modules\\\\firebase-admin\\\\lib\\\\index.js\"}"}}
[debug] [2021-09-09T10:50:49.695Z] [runtime-status] [32112] Resolved module firebase-functions {"declared":true,"installed":true,"version":"3.15.5","resolution":"C:\\Users\\ADMIN\\Desktop\\React\\projects\\amazon-clone\\functions\\node_modules\\firebase-functions\\lib\\index.js"} {"metadata":{"emulator":{"name":"functions"},"message":"[runtime-status] [32112] Resolved module firebase-functions {\"declared\":true,\"installed\":true,\"version\":\"3.15.5\",\"resolution\":\"C:\\\\Users\\\\ADMIN\\\\Desktop\\\\React\\\\projects\\\\amazon-clone\\\\functions\\\\node_modules\\\\firebase-functions\\\\lib\\\\index.js\"}"}}
[debug] [2021-09-09T10:50:49.696Z] [runtime-status] [32112] firebase-admin has been stubbed. {"adminResolution":{"declared":true,"installed":true,"version":"9.11.1","resolution":"C:\\Users\\ADMIN\\Desktop\\React\\projects\\amazon-clone\\functions\\node_modules\\firebase-admin\\lib\\index.js"}} {"metadata":{"emulator":{"name":"functions"},"message":"[runtime-status] [32112] firebase-admin has been stubbed. {\"adminResolution\":{\"declared\":true,\"installed\":true,\"version\":\"9.11.1\",\"resolution\":\"C:\\\\Users\\\\ADMIN\\\\Desktop\\\\React\\\\projects\\\\amazon-clone\\\\functions\\\\node_modules\\\\firebase-admin\\\\lib\\\\index.js\"}}"}}
[debug] [2021-09-09T10:50:49.945Z] [worker-~diagnostic~-46b791d5-d3b0-4562-8f3e-b0f8a02afa51]: IDLE {"metadata":{"emulator":{"name":"functions"},"message":"[worker-~diagnostic~-46b791d5-d3b0-4562-8f3e-b0f8a02afa51]: IDLE"}}
[debug] [2021-09-09T10:52:13.603Z] [work-queue] {"queueLength":1,"workRunningCount":0}
[debug] [2021-09-09T10:52:13.604Z] [work-queue] {"queueLength":0,"workRunningCount":1}
[debug] [2021-09-09T10:52:13.604Z] Accepted request POST /clone-ceacd/us-central1/api/payments/create?total=472797.99999999994 --> us-central1-api
[debug] [2021-09-09T10:52:13.605Z] [worker-pool] Cleaned up workers for ~diagnostic~: 2 --> 1 {"metadata":{"emulator":{"name":"functions"},"message":"[worker-pool] Cleaned up workers for ~diagnostic~: 2 --> 1"}}
[debug] [2021-09-09T10:52:13.610Z] [worker-pool] Cleaned up workers for us-central1-api: 1 --> 0 {"metadata":{"emulator":{"name":"functions"},"message":"[worker-pool] Cleaned up workers for us-central1-api: 1 --> 0"}}
[debug] [2021-09-09T10:52:13.627Z] [worker-pool] addWorker(us-central1-api) {"metadata":{"emulator":{"name":"functions"},"message":"[worker-pool] addWorker(us-central1-api)"}}
[debug] [2021-09-09T10:52:13.628Z] [worker-pool] Adding worker with key us-central1-api, total=1 {"metadata":{"emulator":{"name":"functions"},"message":"[worker-pool] Adding worker with key us-central1-api, total=1"}}
[debug] [2021-09-09T10:52:13.629Z] [worker-pool] submitWork(triggerId=us-central1-api) {"metadata":{"emulator":{"name":"functions"},"message":"[worker-pool] submitWork(triggerId=us-central1-api)"}}
[debug] [2021-09-09T10:52:13.629Z] [worker-us-central1-api-02742121-9d08-480d-9dc7-bba0f02d9e24]: Assigning socketPath: \\?\pipe\C:\Users\ADMIN\Desktop\React\projects\amazon-clone\functions\30188 {"metadata":{"emulator":{"name":"functions"},"message":"[worker-us-central1-api-02742121-9d08-480d-9dc7-bba0f02d9e24]: Assigning socketPath: \\\\?\\pipe\\C:\\Users\\ADMIN\\Desktop\\React\\projects\\amazon-clone\\functions\\30188"}}
[debug] [2021-09-09T10:52:13.630Z] [worker-us-central1-api-02742121-9d08-480d-9dc7-bba0f02d9e24]: BUSY {"metadata":{"emulator":{"name":"functions"},"message":"[worker-us-central1-api-02742121-9d08-480d-9dc7-bba0f02d9e24]: BUSY"}}
[debug] [2021-09-09T10:52:14.027Z] [runtime-status] [30188] Functions runtime initialized. {"cwd":"C:\\Users\\ADMIN\\Desktop\\React\\projects\\amazon-clone\\functions","node_version":"14.17.0"} {"metadata":{"emulator":{"name":"functions"},"function":{"name":"us-central1-api"},"message":"[runtime-status] [30188] Functions runtime initialized. {\"cwd\":\"C:\\\\Users\\\\ADMIN\\\\Desktop\\\\React\\\\projects\\\\amazon-clone\\\\functions\",\"node_version\":\"14.17.0\"}"}}
[debug] [2021-09-09T10:52:14.029Z] [runtime-status] [30188] Disabled runtime features: undefined {"metadata":{"emulator":{"name":"functions"},"function":{"name":"us-central1-api"},"message":"[runtime-status] [30188] Disabled runtime features: undefined"}}
[debug] [2021-09-09T10:52:14.034Z] [runtime-status] [30188] Resolved module firebase-admin {"declared":true,"installed":true,"version":"9.11.1","resolution":"C:\\Users\\ADMIN\\Desktop\\React\\projects\\amazon-clone\\functions\\node_modules\\firebase-admin\\lib\\index.js"} {"metadata":{"emulator":{"name":"functions"},"function":{"name":"us-central1-api"},"message":"[runtime-status] [30188] Resolved module firebase-admin {\"declared\":true,\"installed\":true,\"version\":\"9.11.1\",\"resolution\":\"C:\\\\Users\\\\ADMIN\\\\Desktop\\\\React\\\\projects\\\\amazon-clone\\\\functions\\\\node_modules\\\\firebase-admin\\\\lib\\\\index.js\"}"}}
[debug] [2021-09-09T10:52:14.038Z] [runtime-status] [30188] Resolved module firebase-functions {"declared":true,"installed":true,"version":"3.15.5","resolution":"C:\\Users\\ADMIN\\Desktop\\React\\projects\\amazon-clone\\functions\\node_modules\\firebase-functions\\lib\\index.js"} {"metadata":{"emulator":{"name":"functions"},"function":{"name":"us-central1-api"},"message":"[runtime-status] [30188] Resolved module firebase-functions {\"declared\":true,\"installed\":true,\"version\":\"3.15.5\",\"resolution\":\"C:\\\\Users\\\\ADMIN\\\\Desktop\\\\React\\\\projects\\\\amazon-clone\\\\functions\\\\node_modules\\\\firebase-functions\\\\lib\\\\index.js\"}"}}
[debug] [2021-09-09T10:52:14.041Z] [runtime-status] [30188] Resolved module firebase-functions {"declared":true,"installed":true,"version":"3.15.5","resolution":"C:\\Users\\ADMIN\\Desktop\\React\\projects\\amazon-clone\\functions\\node_modules\\firebase-functions\\lib\\index.js"} {"metadata":{"emulator":{"name":"functions"},"function":{"name":"us-central1-api"},"message":"[runtime-status] [30188] Resolved module firebase-functions {\"declared\":true,\"installed\":true,\"version\":\"3.15.5\",\"resolution\":\"C:\\\\Users\\\\ADMIN\\\\Desktop\\\\React\\\\projects\\\\amazon-clone\\\\functions\\\\node_modules\\\\firebase-functions\\\\lib\\\\index.js\"}"}}
[debug] [2021-09-09T10:52:14.043Z] [runtime-status] [30188] Outgoing network have been stubbed. [{"name":"http","status":"mocked"},{"name":"http","status":"mocked"},{"name":"https","status":"mocked"},{"name":"https","status":"mocked"},{"name":"net","status":"mocked"}] {"metadata":{"emulator":{"name":"functions"},"function":{"name":"us-central1-api"},"message":"[runtime-status] [30188] Outgoing network have been stubbed. [{\"name\":\"http\",\"status\":\"mocked\"},{\"name\":\"http\",\"status\":\"mocked\"},{\"name\":\"https\",\"status\":\"mocked\"},{\"name\":\"https\",\"status\":\"mocked\"},{\"name\":\"net\",\"status\":\"mocked\"}]"}}
[debug] [2021-09-09T10:52:14.045Z] [runtime-status] [30188] Resolved module firebase-functions {"declared":true,"installed":true,"version":"3.15.5","resolution":"C:\\Users\\ADMIN\\Desktop\\React\\projects\\amazon-clone\\functions\\node_modules\\firebase-functions\\lib\\index.js"} {"metadata":{"emulator":{"name":"functions"},"function":{"name":"us-central1-api"},"message":"[runtime-status] [30188] Resolved module firebase-functions {\"declared\":true,\"installed\":true,\"version\":\"3.15.5\",\"resolution\":\"C:\\\\Users\\\\ADMIN\\\\Desktop\\\\React\\\\projects\\\\amazon-clone\\\\functions\\\\node_modules\\\\firebase-functions\\\\lib\\\\index.js\"}"}}
[debug] [2021-09-09T10:52:14.117Z] [runtime-status] [30188] Checked functions.config() {"config":{}} {"metadata":{"emulator":{"name":"functions"},"function":{"name":"us-central1-api"},"message":"[runtime-status] [30188] Checked functions.config() {\"config\":{}}"}}
[debug] [2021-09-09T10:52:14.117Z] [runtime-status] [30188] firebase-functions has been stubbed. {"functionsResolution":{"declared":true,"installed":true,"version":"3.15.5","resolution":"C:\\Users\\ADMIN\\Desktop\\React\\projects\\amazon-clone\\functions\\node_modules\\firebase-functions\\lib\\index.js"}} {"metadata":{"emulator":{"name":"functions"},"function":{"name":"us-central1-api"},"message":"[runtime-status] [30188] firebase-functions has been stubbed. {\"functionsResolution\":{\"declared\":true,\"installed\":true,\"version\":\"3.15.5\",\"resolution\":\"C:\\\\Users\\\\ADMIN\\\\Desktop\\\\React\\\\projects\\\\amazon-clone\\\\functions\\\\node_modules\\\\firebase-functions\\\\lib\\\\index.js\"}}"}}
[debug] [2021-09-09T10:52:14.118Z] [runtime-status] [30188] Resolved module firebase-functions {"declared":true,"installed":true,"version":"3.15.5","resolution":"C:\\Users\\ADMIN\\Desktop\\React\\projects\\amazon-clone\\functions\\node_modules\\firebase-functions\\lib\\index.js"} {"metadata":{"emulator":{"name":"functions"},"function":{"name":"us-central1-api"},"message":"[runtime-status] [30188] Resolved module firebase-functions {\"declared\":true,\"installed\":true,\"version\":\"3.15.5\",\"resolution\":\"C:\\\\Users\\\\ADMIN\\\\Desktop\\\\React\\\\projects\\\\amazon-clone\\\\functions\\\\node_modules\\\\firebase-functions\\\\lib\\\\index.js\"}"}}
[debug] [2021-09-09T10:52:14.120Z] [runtime-status] [30188] Resolved module firebase-admin {"declared":true,"installed":true,"version":"9.11.1","resolution":"C:\\Users\\ADMIN\\Desktop\\React\\projects\\amazon-clone\\functions\\node_modules\\firebase-admin\\lib\\index.js"} {"metadata":{"emulator":{"name":"functions"},"function":{"name":"us-central1-api"},"message":"[runtime-status] [30188] Resolved module firebase-admin {\"declared\":true,\"installed\":true,\"version\":\"9.11.1\",\"resolution\":\"C:\\\\Users\\\\ADMIN\\\\Desktop\\\\React\\\\projects\\\\amazon-clone\\\\functions\\\\node_modules\\\\firebase-admin\\\\lib\\\\index.js\"}"}}
[debug] [2021-09-09T10:52:14.121Z] [runtime-status] [30188] Resolved module firebase-functions {"declared":true,"installed":true,"version":"3.15.5","resolution":"C:\\Users\\ADMIN\\Desktop\\React\\projects\\amazon-clone\\functions\\node_modules\\firebase-functions\\lib\\index.js"} {"metadata":{"emulator":{"name":"functions"},"function":{"name":"us-central1-api"},"message":"[runtime-status] [30188] Resolved module firebase-functions {\"declared\":true,\"installed\":true,\"version\":\"3.15.5\",\"resolution\":\"C:\\\\Users\\\\ADMIN\\\\Desktop\\\\React\\\\projects\\\\amazon-clone\\\\functions\\\\node_modules\\\\firebase-functions\\\\lib\\\\index.js\"}"}}
[debug] [2021-09-09T10:52:14.122Z] [runtime-status] [30188] firebase-admin has been stubbed. {"adminResolution":{"declared":true,"installed":true,"version":"9.11.1","resolution":"C:\\Users\\ADMIN\\Desktop\\React\\projects\\amazon-clone\\functions\\node_modules\\firebase-admin\\lib\\index.js"}} {"metadata":{"emulator":{"name":"functions"},"function":{"name":"us-central1-api"},"message":"[runtime-status] [30188] firebase-admin has been stubbed. {\"adminResolution\":{\"declared\":true,\"installed\":true,\"version\":\"9.11.1\",\"resolution\":\"C:\\\\Users\\\\ADMIN\\\\Desktop\\\\React\\\\projects\\\\amazon-clone\\\\functions\\\\node_modules\\\\firebase-admin\\\\lib\\\\index.js\"}}"}}
[debug] [2021-09-09T10:52:14.454Z] [runtime-status] [30188] Trigger "us-central1-api" has been found, beginning invocation! {"metadata":{"emulator":{"name":"functions"},"function":{"name":"us-central1-api"},"message":"[runtime-status] [30188] Trigger \"us-central1-api\" has been found, beginning invocation!"}}
[info] i  functions: Beginning execution of "us-central1-api" {"metadata":{"emulator":{"name":"functions"},"function":{"name":"us-central1-api"},"message":"Beginning execution of \"us-central1-api\""}}
